{"/home/kamata/gaussian-vrm/apps/preprocess/check.js": {"path":"/home/kamata/gaussian-vrm/apps/preprocess/check.js","statementMap":{"0":{"start":{"line":10,"column":17},"end":{"line":10,"column":29}},"1":{"start":{"line":11,"column":2},"end":{"line":153,"column":null}},"2":{"start":{"line":12,"column":4},"end":{"line":12,"column":null}},"3":{"start":{"line":15,"column":4},"end":{"line":15,"column":null}},"4":{"start":{"line":16,"column":4},"end":{"line":16,"column":null}},"5":{"start":{"line":19,"column":25},"end":{"line":21,"column":103}},"6":{"start":{"line":24,"column":22},"end":{"line":24,"column":23}},"7":{"start":{"line":25,"column":26},"end":{"line":25,"column":27}},"8":{"start":{"line":26,"column":27},"end":{"line":26,"column":28}},"9":{"start":{"line":27,"column":26},"end":{"line":27,"column":28}},"10":{"start":{"line":28,"column":27},"end":{"line":28,"column":29}},"11":{"start":{"line":30,"column":23},"end":{"line":30,"column":24}},"12":{"start":{"line":31,"column":24},"end":{"line":31,"column":43}},"13":{"start":{"line":34,"column":4},"end":{"line":138,"column":null}},"14":{"start":{"line":34,"column":17},"end":{"line":34,"column":18}},"15":{"start":{"line":35,"column":20},"end":{"line":35,"column":35}},"16":{"start":{"line":36,"column":27},"end":{"line":36,"column":50}},"17":{"start":{"line":39,"column":6},"end":{"line":39,"column":null}},"18":{"start":{"line":42,"column":27},"end":{"line":42,"column":110}},"19":{"start":{"line":43,"column":31},"end":{"line":43,"column":118}},"20":{"start":{"line":44,"column":32},"end":{"line":44,"column":120}},"21":{"start":{"line":45,"column":31},"end":{"line":45,"column":118}},"22":{"start":{"line":46,"column":32},"end":{"line":46,"column":120}},"23":{"start":{"line":49,"column":28},"end":{"line":49,"column":64}},"24":{"start":{"line":50,"column":32},"end":{"line":50,"column":72}},"25":{"start":{"line":51,"column":33},"end":{"line":51,"column":74}},"26":{"start":{"line":52,"column":32},"end":{"line":52,"column":72}},"27":{"start":{"line":53,"column":33},"end":{"line":53,"column":74}},"28":{"start":{"line":56,"column":33},"end":{"line":64,"column":7}},"29":{"start":{"line":57,"column":23},"end":{"line":57,"column":66}},"30":{"start":{"line":58,"column":23},"end":{"line":58,"column":68}},"31":{"start":{"line":60,"column":8},"end":{"line":63,"column":null}},"32":{"start":{"line":66,"column":26},"end":{"line":66,"column":59}},"33":{"start":{"line":67,"column":30},"end":{"line":67,"column":67}},"34":{"start":{"line":68,"column":31},"end":{"line":68,"column":69}},"35":{"start":{"line":69,"column":30},"end":{"line":69,"column":67}},"36":{"start":{"line":70,"column":31},"end":{"line":70,"column":69}},"37":{"start":{"line":73,"column":27},"end":{"line":74,"column":138}},"38":{"start":{"line":75,"column":32},"end":{"line":76,"column":139}},"39":{"start":{"line":77,"column":33},"end":{"line":78,"column":139}},"40":{"start":{"line":79,"column":32},"end":{"line":80,"column":139}},"41":{"start":{"line":81,"column":33},"end":{"line":82,"column":139}},"42":{"start":{"line":85,"column":6},"end":{"line":85,"column":null}},"43":{"start":{"line":86,"column":6},"end":{"line":86,"column":null}},"44":{"start":{"line":87,"column":6},"end":{"line":87,"column":null}},"45":{"start":{"line":88,"column":6},"end":{"line":88,"column":null}},"46":{"start":{"line":89,"column":6},"end":{"line":89,"column":null}},"47":{"start":{"line":90,"column":6},"end":{"line":90,"column":null}},"48":{"start":{"line":91,"column":6},"end":{"line":91,"column":null}},"49":{"start":{"line":92,"column":6},"end":{"line":92,"column":null}},"50":{"start":{"line":93,"column":6},"end":{"line":93,"column":null}},"51":{"start":{"line":94,"column":6},"end":{"line":94,"column":null}},"52":{"start":{"line":95,"column":6},"end":{"line":95,"column":null}},"53":{"start":{"line":98,"column":34},"end":{"line":101,"column":7}},"54":{"start":{"line":99,"column":8},"end":{"line":99,"column":null}},"55":{"start":{"line":99,"column":28},"end":{"line":99,"column":null}},"56":{"start":{"line":100,"column":8},"end":{"line":100,"column":null}},"57":{"start":{"line":104,"column":30},"end":{"line":110,"column":7}},"58":{"start":{"line":112,"column":26},"end":{"line":112,"column":31}},"59":{"start":{"line":115,"column":6},"end":{"line":133,"column":null}},"60":{"start":{"line":116,"column":25},"end":{"line":116,"column":74}},"61":{"start":{"line":119,"column":8},"end":{"line":123,"column":null}},"62":{"start":{"line":120,"column":10},"end":{"line":120,"column":null}},"63":{"start":{"line":121,"column":10},"end":{"line":121,"column":null}},"64":{"start":{"line":122,"column":10},"end":{"line":122,"column":null}},"65":{"start":{"line":125,"column":8},"end":{"line":125,"column":null}},"66":{"start":{"line":128,"column":8},"end":{"line":132,"column":null}},"67":{"start":{"line":129,"column":10},"end":{"line":129,"column":null}},"68":{"start":{"line":130,"column":10},"end":{"line":130,"column":null}},"69":{"start":{"line":131,"column":10},"end":{"line":131,"column":null}},"70":{"start":{"line":135,"column":6},"end":{"line":137,"column":null}},"71":{"start":{"line":136,"column":8},"end":{"line":136,"column":null}},"72":{"start":{"line":141,"column":4},"end":{"line":144,"column":null}},"73":{"start":{"line":142,"column":6},"end":{"line":142,"column":null}},"74":{"start":{"line":143,"column":6},"end":{"line":143,"column":null}},"75":{"start":{"line":146,"column":4},"end":{"line":146,"column":null}},"76":{"start":{"line":149,"column":4},"end":{"line":149,"column":null}},"77":{"start":{"line":150,"column":4},"end":{"line":150,"column":null}},"78":{"start":{"line":151,"column":4},"end":{"line":151,"column":null}},"79":{"start":{"line":152,"column":4},"end":{"line":152,"column":null}}},"fnMap":{"0":{"name":"finalCheck","decl":{"start":{"line":9,"column":22},"end":{"line":9,"column":32}},"loc":{"start":{"line":9,"column":132},"end":{"line":154,"column":null}},"line":9},"1":{"name":"(anonymous_1)","decl":{"start":{"line":56,"column":33},"end":{"line":56,"column":34}},"loc":{"start":{"line":56,"column":42},"end":{"line":64,"column":7}},"line":56},"2":{"name":"(anonymous_2)","decl":{"start":{"line":98,"column":34},"end":{"line":98,"column":35}},"loc":{"start":{"line":98,"column":50},"end":{"line":101,"column":7}},"line":98}},"branchMap":{"0":{"loc":{"start":{"line":9,"column":117},"end":{"line":9,"column":130}},"type":"default-arg","locations":[{"start":{"line":9,"column":126},"end":{"line":9,"column":130}}],"line":9},"1":{"loc":{"start":{"line":73,"column":27},"end":{"line":74,"column":138}},"type":"cond-expr","locations":[{"start":{"line":74,"column":8},"end":{"line":74,"column":131}},{"start":{"line":74,"column":134},"end":{"line":74,"column":138}}],"line":73},"2":{"loc":{"start":{"line":75,"column":32},"end":{"line":76,"column":139}},"type":"cond-expr","locations":[{"start":{"line":76,"column":8},"end":{"line":76,"column":132}},{"start":{"line":76,"column":135},"end":{"line":76,"column":139}}],"line":75},"3":{"loc":{"start":{"line":77,"column":33},"end":{"line":78,"column":139}},"type":"cond-expr","locations":[{"start":{"line":78,"column":8},"end":{"line":78,"column":132}},{"start":{"line":78,"column":135},"end":{"line":78,"column":139}}],"line":77},"4":{"loc":{"start":{"line":79,"column":32},"end":{"line":80,"column":139}},"type":"cond-expr","locations":[{"start":{"line":80,"column":8},"end":{"line":80,"column":132}},{"start":{"line":80,"column":135},"end":{"line":80,"column":139}}],"line":79},"5":{"loc":{"start":{"line":81,"column":33},"end":{"line":82,"column":139}},"type":"cond-expr","locations":[{"start":{"line":82,"column":8},"end":{"line":82,"column":132}},{"start":{"line":82,"column":135},"end":{"line":82,"column":139}}],"line":81},"6":{"loc":{"start":{"line":87,"column":44},"end":{"line":87,"column":74}},"type":"binary-expr","locations":[{"start":{"line":87,"column":44},"end":{"line":87,"column":56}},{"start":{"line":87,"column":60},"end":{"line":87,"column":74}}],"line":87},"7":{"loc":{"start":{"line":89,"column":50},"end":{"line":89,"column":85}},"type":"binary-expr","locations":[{"start":{"line":89,"column":50},"end":{"line":89,"column":67}},{"start":{"line":89,"column":71},"end":{"line":89,"column":85}}],"line":89},"8":{"loc":{"start":{"line":91,"column":51},"end":{"line":91,"column":87}},"type":"binary-expr","locations":[{"start":{"line":91,"column":51},"end":{"line":91,"column":69}},{"start":{"line":91,"column":73},"end":{"line":91,"column":87}}],"line":91},"9":{"loc":{"start":{"line":93,"column":50},"end":{"line":93,"column":85}},"type":"binary-expr","locations":[{"start":{"line":93,"column":50},"end":{"line":93,"column":67}},{"start":{"line":93,"column":71},"end":{"line":93,"column":85}}],"line":93},"10":{"loc":{"start":{"line":95,"column":51},"end":{"line":95,"column":87}},"type":"binary-expr","locations":[{"start":{"line":95,"column":51},"end":{"line":95,"column":69}},{"start":{"line":95,"column":73},"end":{"line":95,"column":87}}],"line":95},"11":{"loc":{"start":{"line":99,"column":8},"end":{"line":99,"column":null}},"type":"if","locations":[{"start":{"line":99,"column":8},"end":{"line":99,"column":null}},{"start":{},"end":{}}],"line":99},"12":{"loc":{"start":{"line":99,"column":12},"end":{"line":99,"column":26}},"type":"binary-expr","locations":[{"start":{"line":99,"column":12},"end":{"line":99,"column":17}},{"start":{"line":99,"column":21},"end":{"line":99,"column":26}}],"line":99},"13":{"loc":{"start":{"line":119,"column":8},"end":{"line":123,"column":null}},"type":"if","locations":[{"start":{"line":119,"column":8},"end":{"line":123,"column":null}},{"start":{},"end":{}}],"line":119},"14":{"loc":{"start":{"line":128,"column":8},"end":{"line":132,"column":null}},"type":"if","locations":[{"start":{"line":128,"column":8},"end":{"line":132,"column":null}},{"start":{},"end":{}}],"line":128},"15":{"loc":{"start":{"line":135,"column":6},"end":{"line":137,"column":null}},"type":"if","locations":[{"start":{"line":135,"column":6},"end":{"line":137,"column":null}},{"start":{},"end":{}}],"line":135},"16":{"loc":{"start":{"line":141,"column":4},"end":{"line":144,"column":null}},"type":"if","locations":[{"start":{"line":141,"column":4},"end":{"line":144,"column":null}},{"start":{},"end":{}}],"line":141}},"s":{"0":0,"1":0,"2":0,"3":0,"4":0,"5":0,"6":0,"7":0,"8":0,"9":0,"10":0,"11":0,"12":0,"13":0,"14":0,"15":0,"16":0,"17":0,"18":0,"19":0,"20":0,"21":0,"22":0,"23":0,"24":0,"25":0,"26":0,"27":0,"28":0,"29":0,"30":0,"31":0,"32":0,"33":0,"34":0,"35":0,"36":0,"37":0,"38":0,"39":0,"40":0,"41":0,"42":0,"43":0,"44":0,"45":0,"46":0,"47":0,"48":0,"49":0,"50":0,"51":0,"52":0,"53":0,"54":0,"55":0,"56":0,"57":0,"58":0,"59":0,"60":0,"61":0,"62":0,"63":0,"64":0,"65":0,"66":0,"67":0,"68":0,"69":0,"70":0,"71":0,"72":0,"73":0,"74":0,"75":0,"76":0,"77":0,"78":0,"79":0},"f":{"0":0,"1":0,"2":0},"b":{"0":[0],"1":[0,0],"2":[0,0],"3":[0,0],"4":[0,0],"5":[0,0],"6":[0,0],"7":[0,0],"8":[0,0],"9":[0,0],"10":[0,0],"11":[0,0],"12":[0,0],"13":[0,0],"14":[0,0],"15":[0,0],"16":[0,0]},"meta":{"lastBranch":17,"lastFunction":3,"lastStatement":80,"seen":{"f:9:22:9:32":0,"b:9:126:9:130":0,"s:10:17:10:29":0,"s:11:2:153:Infinity":1,"s:12:4:12:Infinity":2,"s:15:4:15:Infinity":3,"s:16:4:16:Infinity":4,"s:19:25:21:103":5,"s:24:22:24:23":6,"s:25:26:25:27":7,"s:26:27:26:28":8,"s:27:26:27:28":9,"s:28:27:28:29":10,"s:30:23:30:24":11,"s:31:24:31:43":12,"s:34:4:138:Infinity":13,"s:34:17:34:18":14,"s:35:20:35:35":15,"s:36:27:36:50":16,"s:39:6:39:Infinity":17,"s:42:27:42:110":18,"s:43:31:43:118":19,"s:44:32:44:120":20,"s:45:31:45:118":21,"s:46:32:46:120":22,"s:49:28:49:64":23,"s:50:32:50:72":24,"s:51:33:51:74":25,"s:52:32:52:72":26,"s:53:33:53:74":27,"s:56:33:64:7":28,"f:56:33:56:34":1,"s:57:23:57:66":29,"s:58:23:58:68":30,"s:60:8:63:Infinity":31,"s:66:26:66:59":32,"s:67:30:67:67":33,"s:68:31:68:69":34,"s:69:30:69:67":35,"s:70:31:70:69":36,"s:73:27:74:138":37,"b:74:8:74:131:74:134:74:138":1,"s:75:32:76:139":38,"b:76:8:76:132:76:135:76:139":2,"s:77:33:78:139":39,"b:78:8:78:132:78:135:78:139":3,"s:79:32:80:139":40,"b:80:8:80:132:80:135:80:139":4,"s:81:33:82:139":41,"b:82:8:82:132:82:135:82:139":5,"s:85:6:85:Infinity":42,"s:86:6:86:Infinity":43,"s:87:6:87:Infinity":44,"b:87:44:87:56:87:60:87:74":6,"s:88:6:88:Infinity":45,"s:89:6:89:Infinity":46,"b:89:50:89:67:89:71:89:85":7,"s:90:6:90:Infinity":47,"s:91:6:91:Infinity":48,"b:91:51:91:69:91:73:91:87":8,"s:92:6:92:Infinity":49,"s:93:6:93:Infinity":50,"b:93:50:93:67:93:71:93:85":9,"s:94:6:94:Infinity":51,"s:95:6:95:Infinity":52,"b:95:51:95:69:95:73:95:87":10,"s:98:34:101:7":53,"f:98:34:98:35":2,"b:99:8:99:Infinity:undefined:undefined:undefined:undefined":11,"s:99:8:99:Infinity":54,"b:99:12:99:17:99:21:99:26":12,"s:99:28:99:Infinity":55,"s:100:8:100:Infinity":56,"s:104:30:110:7":57,"s:112:26:112:31":58,"s:115:6:133:Infinity":59,"s:116:25:116:74":60,"b:119:8:123:Infinity:undefined:undefined:undefined:undefined":13,"s:119:8:123:Infinity":61,"s:120:10:120:Infinity":62,"s:121:10:121:Infinity":63,"s:122:10:122:Infinity":64,"s:125:8:125:Infinity":65,"b:128:8:132:Infinity:undefined:undefined:undefined:undefined":14,"s:128:8:132:Infinity":66,"s:129:10:129:Infinity":67,"s:130:10:130:Infinity":68,"s:131:10:131:Infinity":69,"b:135:6:137:Infinity:undefined:undefined:undefined:undefined":15,"s:135:6:137:Infinity":70,"s:136:8:136:Infinity":71,"b:141:4:144:Infinity:undefined:undefined:undefined:undefined":16,"s:141:4:144:Infinity":72,"s:142:6:142:Infinity":73,"s:143:6:143:Infinity":74,"s:146:4:146:Infinity":75,"s:149:4:149:Infinity":76,"s:150:4:150:Infinity":77,"s:151:4:151:Infinity":78,"s:152:4:152:Infinity":79}}}
,"/home/kamata/gaussian-vrm/apps/preprocess/pose.js": {"path":"/home/kamata/gaussian-vrm/apps/preprocess/pose.js","statementMap":{"0":{"start":{"line":8,"column":30},"end":{"line":8,"column":34}},"1":{"start":{"line":9,"column":18},"end":{"line":9,"column":22}},"2":{"start":{"line":14,"column":4},"end":{"line":14,"column":null}},"3":{"start":{"line":15,"column":4},"end":{"line":15,"column":null}},"4":{"start":{"line":16,"column":4},"end":{"line":16,"column":null}},"5":{"start":{"line":17,"column":4},"end":{"line":17,"column":null}},"6":{"start":{"line":18,"column":4},"end":{"line":18,"column":null}},"7":{"start":{"line":19,"column":4},"end":{"line":19,"column":null}},"8":{"start":{"line":20,"column":4},"end":{"line":20,"column":null}},"9":{"start":{"line":21,"column":4},"end":{"line":21,"column":null}},"10":{"start":{"line":24,"column":4},"end":{"line":24,"column":null}},"11":{"start":{"line":26,"column":4},"end":{"line":26,"column":null}},"12":{"start":{"line":28,"column":4},"end":{"line":28,"column":null}},"13":{"start":{"line":29,"column":4},"end":{"line":29,"column":null}},"14":{"start":{"line":33,"column":26},"end":{"line":33,"column":55}},"15":{"start":{"line":34,"column":26},"end":{"line":37,"column":6}},"16":{"start":{"line":38,"column":4},"end":{"line":38,"column":null}},"17":{"start":{"line":39,"column":4},"end":{"line":39,"column":null}},"18":{"start":{"line":41,"column":4},"end":{"line":41,"column":null}},"19":{"start":{"line":45,"column":4},"end":{"line":45,"column":null}},"20":{"start":{"line":47,"column":21},"end":{"line":47,"column":50}},"21":{"start":{"line":48,"column":16},"end":{"line":48,"column":47}},"22":{"start":{"line":49,"column":24},"end":{"line":49,"column":52}},"23":{"start":{"line":50,"column":23},"end":{"line":50,"column":55}},"24":{"start":{"line":52,"column":4},"end":{"line":52,"column":null}},"25":{"start":{"line":54,"column":4},"end":{"line":54,"column":null}},"26":{"start":{"line":58,"column":4},"end":{"line":67,"column":null}},"27":{"start":{"line":59,"column":6},"end":{"line":66,"column":null}},"28":{"start":{"line":60,"column":8},"end":{"line":65,"column":null}},"29":{"start":{"line":61,"column":29},"end":{"line":61,"column":60}},"30":{"start":{"line":62,"column":10},"end":{"line":62,"column":null}},"31":{"start":{"line":63,"column":10},"end":{"line":63,"column":null}},"32":{"start":{"line":64,"column":10},"end":{"line":64,"column":null}},"33":{"start":{"line":71,"column":4},"end":{"line":74,"column":null}},"34":{"start":{"line":76,"column":4},"end":{"line":76,"column":null}},"35":{"start":{"line":78,"column":23},"end":{"line":78,"column":75}},"36":{"start":{"line":80,"column":4},"end":{"line":90,"column":null}},"37":{"start":{"line":84,"column":27},"end":{"line":84,"column":46}},"38":{"start":{"line":85,"column":25},"end":{"line":85,"column":28}},"39":{"start":{"line":86,"column":26},"end":{"line":86,"column":48}},"40":{"start":{"line":87,"column":20},"end":{"line":87,"column":45}},"41":{"start":{"line":88,"column":6},"end":{"line":88,"column":null}},"42":{"start":{"line":89,"column":6},"end":{"line":89,"column":null}},"43":{"start":{"line":91,"column":4},"end":{"line":91,"column":null}},"44":{"start":{"line":95,"column":4},"end":{"line":95,"column":null}},"45":{"start":{"line":97,"column":4},"end":{"line":109,"column":null}},"46":{"start":{"line":98,"column":8},"end":{"line":108,"column":null}},"47":{"start":{"line":99,"column":25},"end":{"line":99,"column":53}},"48":{"start":{"line":100,"column":12},"end":{"line":107,"column":null}},"49":{"start":{"line":101,"column":42},"end":{"line":101,"column":101}},"50":{"start":{"line":102,"column":16},"end":{"line":106,"column":null}},"51":{"start":{"line":103,"column":20},"end":{"line":103,"column":null}},"52":{"start":{"line":104,"column":20},"end":{"line":104,"column":null}},"53":{"start":{"line":105,"column":20},"end":{"line":105,"column":null}},"54":{"start":{"line":113,"column":4},"end":{"line":113,"column":null}},"55":{"start":{"line":113,"column":46},"end":{"line":113,"column":null}},"56":{"start":{"line":114,"column":4},"end":{"line":114,"column":null}},"57":{"start":{"line":115,"column":4},"end":{"line":115,"column":null}},"58":{"start":{"line":119,"column":4},"end":{"line":119,"column":null}},"59":{"start":{"line":120,"column":26},"end":{"line":120,"column":74}},"60":{"start":{"line":122,"column":4},"end":{"line":136,"column":null}},"61":{"start":{"line":123,"column":18},"end":{"line":123,"column":30}},"62":{"start":{"line":124,"column":18},"end":{"line":124,"column":30}},"63":{"start":{"line":126,"column":21},"end":{"line":126,"column":54}},"64":{"start":{"line":127,"column":21},"end":{"line":127,"column":54}},"65":{"start":{"line":129,"column":6},"end":{"line":135,"column":null}},"66":{"start":{"line":130,"column":8},"end":{"line":130,"column":null}},"67":{"start":{"line":131,"column":8},"end":{"line":131,"column":null}},"68":{"start":{"line":132,"column":8},"end":{"line":132,"column":null}},"69":{"start":{"line":133,"column":8},"end":{"line":133,"column":null}},"70":{"start":{"line":134,"column":8},"end":{"line":134,"column":null}},"71":{"start":{"line":140,"column":18},"end":{"line":140,"column":57}},"72":{"start":{"line":141,"column":27},"end":{"line":145,"column":5}},"73":{"start":{"line":146,"column":4},"end":{"line":146,"column":null}},"74":{"start":{"line":147,"column":4},"end":{"line":147,"column":null}},"75":{"start":{"line":148,"column":4},"end":{"line":148,"column":null}},"76":{"start":{"line":152,"column":4},"end":{"line":152,"column":null}},"77":{"start":{"line":152,"column":38},"end":{"line":152,"column":null}},"78":{"start":{"line":154,"column":17},"end":{"line":154,"column":25}},"79":{"start":{"line":155,"column":23},"end":{"line":155,"column":57}},"80":{"start":{"line":156,"column":26},"end":{"line":157,"column":54}},"81":{"start":{"line":156,"column":46},"end":{"line":156,"column":63}},"82":{"start":{"line":157,"column":20},"end":{"line":157,"column":53}},"83":{"start":{"line":159,"column":4},"end":{"line":159,"column":null}},"84":{"start":{"line":159,"column":36},"end":{"line":159,"column":null}},"85":{"start":{"line":161,"column":15},"end":{"line":161,"column":44}},"86":{"start":{"line":161,"column":39},"end":{"line":161,"column":43}},"87":{"start":{"line":162,"column":15},"end":{"line":162,"column":44}},"88":{"start":{"line":162,"column":39},"end":{"line":162,"column":43}},"89":{"start":{"line":163,"column":17},"end":{"line":163,"column":32}},"90":{"start":{"line":164,"column":17},"end":{"line":164,"column":32}},"91":{"start":{"line":165,"column":17},"end":{"line":165,"column":32}},"92":{"start":{"line":166,"column":17},"end":{"line":166,"column":32}},"93":{"start":{"line":168,"column":19},"end":{"line":168,"column":21}},"94":{"start":{"line":169,"column":18},"end":{"line":169,"column":42}},"95":{"start":{"line":170,"column":19},"end":{"line":170,"column":43}},"96":{"start":{"line":172,"column":17},"end":{"line":172,"column":46}},"97":{"start":{"line":173,"column":4},"end":{"line":173,"column":null}},"98":{"start":{"line":174,"column":4},"end":{"line":174,"column":null}},"99":{"start":{"line":176,"column":4},"end":{"line":180,"column":null}},"100":{"start":{"line":184,"column":4},"end":{"line":184,"column":null}},"101":{"start":{"line":184,"column":25},"end":{"line":184,"column":null}},"102":{"start":{"line":186,"column":4},"end":{"line":186,"column":null}},"103":{"start":{"line":188,"column":23},"end":{"line":188,"column":55}},"104":{"start":{"line":189,"column":20},"end":{"line":189,"column":47}},"105":{"start":{"line":190,"column":20},"end":{"line":190,"column":31}},"106":{"start":{"line":192,"column":23},"end":{"line":192,"column":55}},"107":{"start":{"line":193,"column":20},"end":{"line":193,"column":47}},"108":{"start":{"line":195,"column":4},"end":{"line":195,"column":null}},"109":{"start":{"line":196,"column":4},"end":{"line":196,"column":null}},"110":{"start":{"line":196,"column":33},"end":{"line":196,"column":57}},"111":{"start":{"line":198,"column":4},"end":{"line":198,"column":null}},"112":{"start":{"line":199,"column":4},"end":{"line":199,"column":null}},"113":{"start":{"line":200,"column":4},"end":{"line":200,"column":null}},"114":{"start":{"line":202,"column":4},"end":{"line":202,"column":null}},"115":{"start":{"line":203,"column":4},"end":{"line":203,"column":null}},"116":{"start":{"line":204,"column":4},"end":{"line":204,"column":null}},"117":{"start":{"line":206,"column":4},"end":{"line":206,"column":null}},"118":{"start":{"line":207,"column":4},"end":{"line":207,"column":null}},"119":{"start":{"line":209,"column":4},"end":{"line":235,"column":null}},"120":{"start":{"line":210,"column":20},"end":{"line":210,"column":65}},"121":{"start":{"line":212,"column":6},"end":{"line":214,"column":null}},"122":{"start":{"line":213,"column":8},"end":{"line":213,"column":null}},"123":{"start":{"line":216,"column":6},"end":{"line":216,"column":null}},"124":{"start":{"line":217,"column":6},"end":{"line":219,"column":null}},"125":{"start":{"line":218,"column":8},"end":{"line":218,"column":null}},"126":{"start":{"line":221,"column":18},"end":{"line":221,"column":46}},"127":{"start":{"line":222,"column":6},"end":{"line":222,"column":null}},"128":{"start":{"line":224,"column":6},"end":{"line":224,"column":null}},"129":{"start":{"line":226,"column":6},"end":{"line":226,"column":null}},"130":{"start":{"line":227,"column":6},"end":{"line":227,"column":null}},"131":{"start":{"line":229,"column":6},"end":{"line":229,"column":null}},"132":{"start":{"line":230,"column":6},"end":{"line":230,"column":null}},"133":{"start":{"line":233,"column":6},"end":{"line":233,"column":null}},"134":{"start":{"line":234,"column":6},"end":{"line":234,"column":null}}},"fnMap":{"0":{"name":"(anonymous_0)","decl":{"start":{"line":13,"column":2},"end":{"line":13,"column":13}},"loc":{"start":{"line":13,"column":110},"end":{"line":30,"column":null}},"line":13},"1":{"name":"(anonymous_1)","decl":{"start":{"line":32,"column":2},"end":{"line":32,"column":22}},"loc":{"start":{"line":32,"column":25},"end":{"line":42,"column":null}},"line":32},"2":{"name":"(anonymous_2)","decl":{"start":{"line":44,"column":2},"end":{"line":44,"column":23}},"loc":{"start":{"line":44,"column":26},"end":{"line":55,"column":null}},"line":44},"3":{"name":"(anonymous_3)","decl":{"start":{"line":57,"column":2},"end":{"line":57,"column":24}},"loc":{"start":{"line":57,"column":36},"end":{"line":68,"column":null}},"line":57},"4":{"name":"(anonymous_4)","decl":{"start":{"line":59,"column":24},"end":{"line":59,"column":25}},"loc":{"start":{"line":59,"column":45},"end":{"line":66,"column":7}},"line":59},"5":{"name":"(anonymous_5)","decl":{"start":{"line":70,"column":2},"end":{"line":70,"column":21}},"loc":{"start":{"line":70,"column":54},"end":{"line":92,"column":null}},"line":70},"6":{"name":"(anonymous_6)","decl":{"start":{"line":94,"column":2},"end":{"line":94,"column":20}},"loc":{"start":{"line":94,"column":57},"end":{"line":110,"column":null}},"line":94},"7":{"name":"(anonymous_7)","decl":{"start":{"line":97,"column":22},"end":{"line":97,"column":23}},"loc":{"start":{"line":97,"column":43},"end":{"line":109,"column":5}},"line":97},"8":{"name":"(anonymous_8)","decl":{"start":{"line":112,"column":2},"end":{"line":112,"column":15}},"loc":{"start":{"line":112,"column":52},"end":{"line":116,"column":null}},"line":112},"9":{"name":"(anonymous_9)","decl":{"start":{"line":118,"column":2},"end":{"line":118,"column":14}},"loc":{"start":{"line":118,"column":31},"end":{"line":137,"column":null}},"line":118},"10":{"name":"(anonymous_10)","decl":{"start":{"line":139,"column":8},"end":{"line":139,"column":12}},"loc":{"start":{"line":139,"column":15},"end":{"line":149,"column":null}},"line":139},"11":{"name":"(anonymous_11)","decl":{"start":{"line":151,"column":2},"end":{"line":151,"column":10}},"loc":{"start":{"line":151,"column":30},"end":{"line":181,"column":null}},"line":151},"12":{"name":"(anonymous_12)","decl":{"start":{"line":156,"column":41},"end":{"line":156,"column":42}},"loc":{"start":{"line":156,"column":46},"end":{"line":156,"column":63}},"line":156},"13":{"name":"(anonymous_13)","decl":{"start":{"line":157,"column":14},"end":{"line":157,"column":16}},"loc":{"start":{"line":157,"column":20},"end":{"line":157,"column":53}},"line":157},"14":{"name":"(anonymous_14)","decl":{"start":{"line":161,"column":33},"end":{"line":161,"column":35}},"loc":{"start":{"line":161,"column":39},"end":{"line":161,"column":43}},"line":161},"15":{"name":"(anonymous_15)","decl":{"start":{"line":162,"column":33},"end":{"line":162,"column":35}},"loc":{"start":{"line":162,"column":39},"end":{"line":162,"column":43}},"line":162},"16":{"name":"(anonymous_16)","decl":{"start":{"line":183,"column":8},"end":{"line":183,"column":14}},"loc":{"start":{"line":183,"column":35},"end":{"line":236,"column":null}},"line":183},"17":{"name":"(anonymous_17)","decl":{"start":{"line":196,"column":22},"end":{"line":196,"column":29}},"loc":{"start":{"line":196,"column":33},"end":{"line":196,"column":57}},"line":196}},"branchMap":{"0":{"loc":{"start":{"line":13,"column":39},"end":{"line":13,"column":60}},"type":"default-arg","locations":[{"start":{"line":13,"column":45},"end":{"line":13,"column":60}}],"line":13},"1":{"loc":{"start":{"line":13,"column":62},"end":{"line":13,"column":83}},"type":"default-arg","locations":[{"start":{"line":13,"column":71},"end":{"line":13,"column":83}}],"line":13},"2":{"loc":{"start":{"line":13,"column":85},"end":{"line":13,"column":108}},"type":"default-arg","locations":[{"start":{"line":13,"column":95},"end":{"line":13,"column":108}}],"line":13},"3":{"loc":{"start":{"line":58,"column":4},"end":{"line":67,"column":null}},"type":"if","locations":[{"start":{"line":58,"column":4},"end":{"line":67,"column":null}},{"start":{},"end":{}}],"line":58},"4":{"loc":{"start":{"line":60,"column":8},"end":{"line":65,"column":null}},"type":"if","locations":[{"start":{"line":60,"column":8},"end":{"line":65,"column":null}},{"start":{},"end":{}}],"line":60},"5":{"loc":{"start":{"line":80,"column":4},"end":{"line":90,"column":null}},"type":"if","locations":[{"start":{"line":80,"column":4},"end":{"line":90,"column":null}},{"start":{},"end":{}}],"line":80},"6":{"loc":{"start":{"line":98,"column":8},"end":{"line":108,"column":null}},"type":"if","locations":[{"start":{"line":98,"column":8},"end":{"line":108,"column":null}},{"start":{},"end":{}}],"line":98},"7":{"loc":{"start":{"line":100,"column":12},"end":{"line":107,"column":null}},"type":"if","locations":[{"start":{"line":100,"column":12},"end":{"line":107,"column":null}},{"start":{},"end":{}}],"line":100},"8":{"loc":{"start":{"line":102,"column":16},"end":{"line":106,"column":null}},"type":"if","locations":[{"start":{"line":102,"column":16},"end":{"line":106,"column":null}},{"start":{},"end":{}}],"line":102},"9":{"loc":{"start":{"line":113,"column":4},"end":{"line":113,"column":null}},"type":"if","locations":[{"start":{"line":113,"column":4},"end":{"line":113,"column":null}},{"start":{},"end":{}}],"line":113},"10":{"loc":{"start":{"line":113,"column":8},"end":{"line":113,"column":44}},"type":"binary-expr","locations":[{"start":{"line":113,"column":8},"end":{"line":113,"column":18}},{"start":{"line":113,"column":22},"end":{"line":113,"column":44}}],"line":113},"11":{"loc":{"start":{"line":126,"column":21},"end":{"line":126,"column":54}},"type":"cond-expr","locations":[{"start":{"line":126,"column":41},"end":{"line":126,"column":50}},{"start":{"line":126,"column":53},"end":{"line":126,"column":54}}],"line":126},"12":{"loc":{"start":{"line":127,"column":21},"end":{"line":127,"column":54}},"type":"cond-expr","locations":[{"start":{"line":127,"column":41},"end":{"line":127,"column":50}},{"start":{"line":127,"column":53},"end":{"line":127,"column":54}}],"line":127},"13":{"loc":{"start":{"line":129,"column":6},"end":{"line":135,"column":null}},"type":"if","locations":[{"start":{"line":129,"column":6},"end":{"line":135,"column":null}},{"start":{},"end":{}}],"line":129},"14":{"loc":{"start":{"line":129,"column":10},"end":{"line":129,"column":76}},"type":"binary-expr","locations":[{"start":{"line":129,"column":10},"end":{"line":129,"column":41}},{"start":{"line":129,"column":45},"end":{"line":129,"column":76}}],"line":129},"15":{"loc":{"start":{"line":130,"column":26},"end":{"line":130,"column":64}},"type":"cond-expr","locations":[{"start":{"line":130,"column":49},"end":{"line":130,"column":54}},{"start":{"line":130,"column":57},"end":{"line":130,"column":64}}],"line":130},"16":{"loc":{"start":{"line":130,"column":27},"end":{"line":130,"column":45}},"type":"binary-expr","locations":[{"start":{"line":130,"column":27},"end":{"line":130,"column":34}},{"start":{"line":130,"column":38},"end":{"line":130,"column":45}}],"line":130},"17":{"loc":{"start":{"line":152,"column":4},"end":{"line":152,"column":null}},"type":"if","locations":[{"start":{"line":152,"column":4},"end":{"line":152,"column":null}},{"start":{},"end":{}}],"line":152},"18":{"loc":{"start":{"line":152,"column":8},"end":{"line":152,"column":36}},"type":"binary-expr","locations":[{"start":{"line":152,"column":8},"end":{"line":152,"column":14}},{"start":{"line":152,"column":18},"end":{"line":152,"column":36}}],"line":152},"19":{"loc":{"start":{"line":159,"column":4},"end":{"line":159,"column":null}},"type":"if","locations":[{"start":{"line":159,"column":4},"end":{"line":159,"column":null}},{"start":{},"end":{}}],"line":159},"20":{"loc":{"start":{"line":183,"column":24},"end":{"line":183,"column":33}},"type":"default-arg","locations":[{"start":{"line":183,"column":29},"end":{"line":183,"column":33}}],"line":183},"21":{"loc":{"start":{"line":184,"column":4},"end":{"line":184,"column":null}},"type":"if","locations":[{"start":{"line":184,"column":4},"end":{"line":184,"column":null}},{"start":{},"end":{}}],"line":184},"22":{"loc":{"start":{"line":212,"column":6},"end":{"line":214,"column":null}},"type":"if","locations":[{"start":{"line":212,"column":6},"end":{"line":214,"column":null}},{"start":{},"end":{}}],"line":212},"23":{"loc":{"start":{"line":217,"column":6},"end":{"line":219,"column":null}},"type":"if","locations":[{"start":{"line":217,"column":6},"end":{"line":219,"column":null}},{"start":{},"end":{}}],"line":217}},"s":{"0":0,"1":0,"2":0,"3":0,"4":0,"5":0,"6":0,"7":0,"8":0,"9":0,"10":0,"11":0,"12":0,"13":0,"14":0,"15":0,"16":0,"17":0,"18":0,"19":0,"20":0,"21":0,"22":0,"23":0,"24":0,"25":0,"26":0,"27":0,"28":0,"29":0,"30":0,"31":0,"32":0,"33":0,"34":0,"35":0,"36":0,"37":0,"38":0,"39":0,"40":0,"41":0,"42":0,"43":0,"44":0,"45":0,"46":0,"47":0,"48":0,"49":0,"50":0,"51":0,"52":0,"53":0,"54":0,"55":0,"56":0,"57":0,"58":0,"59":0,"60":0,"61":0,"62":0,"63":0,"64":0,"65":0,"66":0,"67":0,"68":0,"69":0,"70":0,"71":0,"72":0,"73":0,"74":0,"75":0,"76":0,"77":0,"78":0,"79":0,"80":0,"81":0,"82":0,"83":0,"84":0,"85":0,"86":0,"87":0,"88":0,"89":0,"90":0,"91":0,"92":0,"93":0,"94":0,"95":0,"96":0,"97":0,"98":0,"99":0,"100":0,"101":0,"102":0,"103":0,"104":0,"105":0,"106":0,"107":0,"108":0,"109":0,"110":0,"111":0,"112":0,"113":0,"114":0,"115":0,"116":0,"117":0,"118":0,"119":0,"120":0,"121":0,"122":0,"123":0,"124":0,"125":0,"126":0,"127":0,"128":0,"129":0,"130":0,"131":0,"132":0,"133":0,"134":0},"f":{"0":0,"1":0,"2":0,"3":0,"4":0,"5":0,"6":0,"7":0,"8":0,"9":0,"10":0,"11":0,"12":0,"13":0,"14":0,"15":0,"16":0,"17":0},"b":{"0":[0],"1":[0],"2":[0],"3":[0,0],"4":[0,0],"5":[0,0],"6":[0,0],"7":[0,0],"8":[0,0],"9":[0,0],"10":[0,0],"11":[0,0],"12":[0,0],"13":[0,0],"14":[0,0],"15":[0,0],"16":[0,0],"17":[0,0],"18":[0,0],"19":[0,0],"20":[0],"21":[0,0],"22":[0,0],"23":[0,0]},"meta":{"lastBranch":24,"lastFunction":18,"lastStatement":135,"seen":{"s:8:30:8:34":0,"s:9:18:9:22":1,"f:13:2:13:13":0,"b:13:45:13:60":0,"b:13:71:13:83":1,"b:13:95:13:108":2,"s:14:4:14:Infinity":2,"s:15:4:15:Infinity":3,"s:16:4:16:Infinity":4,"s:17:4:17:Infinity":5,"s:18:4:18:Infinity":6,"s:19:4:19:Infinity":7,"s:20:4:20:Infinity":8,"s:21:4:21:Infinity":9,"s:24:4:24:Infinity":10,"s:26:4:26:Infinity":11,"s:28:4:28:Infinity":12,"s:29:4:29:Infinity":13,"f:32:2:32:22":1,"s:33:26:33:55":14,"s:34:26:37:6":15,"s:38:4:38:Infinity":16,"s:39:4:39:Infinity":17,"s:41:4:41:Infinity":18,"f:44:2:44:23":2,"s:45:4:45:Infinity":19,"s:47:21:47:50":20,"s:48:16:48:47":21,"s:49:24:49:52":22,"s:50:23:50:55":23,"s:52:4:52:Infinity":24,"s:54:4:54:Infinity":25,"f:57:2:57:24":3,"b:58:4:67:Infinity:undefined:undefined:undefined:undefined":3,"s:58:4:67:Infinity":26,"s:59:6:66:Infinity":27,"f:59:24:59:25":4,"b:60:8:65:Infinity:undefined:undefined:undefined:undefined":4,"s:60:8:65:Infinity":28,"s:61:29:61:60":29,"s:62:10:62:Infinity":30,"s:63:10:63:Infinity":31,"s:64:10:64:Infinity":32,"f:70:2:70:21":5,"s:71:4:74:Infinity":33,"s:76:4:76:Infinity":34,"s:78:23:78:75":35,"b:80:4:90:Infinity:undefined:undefined:undefined:undefined":5,"s:80:4:90:Infinity":36,"s:84:27:84:46":37,"s:85:25:85:28":38,"s:86:26:86:48":39,"s:87:20:87:45":40,"s:88:6:88:Infinity":41,"s:89:6:89:Infinity":42,"s:91:4:91:Infinity":43,"f:94:2:94:20":6,"s:95:4:95:Infinity":44,"s:97:4:109:Infinity":45,"f:97:22:97:23":7,"b:98:8:108:Infinity:undefined:undefined:undefined:undefined":6,"s:98:8:108:Infinity":46,"s:99:25:99:53":47,"b:100:12:107:Infinity:undefined:undefined:undefined:undefined":7,"s:100:12:107:Infinity":48,"s:101:42:101:101":49,"b:102:16:106:Infinity:undefined:undefined:undefined:undefined":8,"s:102:16:106:Infinity":50,"s:103:20:103:Infinity":51,"s:104:20:104:Infinity":52,"s:105:20:105:Infinity":53,"f:112:2:112:15":8,"b:113:4:113:Infinity:undefined:undefined:undefined:undefined":9,"s:113:4:113:Infinity":54,"b:113:8:113:18:113:22:113:44":10,"s:113:46:113:Infinity":55,"s:114:4:114:Infinity":56,"s:115:4:115:Infinity":57,"f:118:2:118:14":9,"s:119:4:119:Infinity":58,"s:120:26:120:74":59,"s:122:4:136:Infinity":60,"s:123:18:123:30":61,"s:124:18:124:30":62,"s:126:21:126:54":63,"b:126:41:126:50:126:53:126:54":11,"s:127:21:127:54":64,"b:127:41:127:50:127:53:127:54":12,"b:129:6:135:Infinity:undefined:undefined:undefined:undefined":13,"s:129:6:135:Infinity":65,"b:129:10:129:41:129:45:129:76":14,"s:130:8:130:Infinity":66,"b:130:49:130:54:130:57:130:64":15,"b:130:27:130:34:130:38:130:45":16,"s:131:8:131:Infinity":67,"s:132:8:132:Infinity":68,"s:133:8:133:Infinity":69,"s:134:8:134:Infinity":70,"f:139:8:139:12":10,"s:140:18:140:57":71,"s:141:27:145:5":72,"s:146:4:146:Infinity":73,"s:147:4:147:Infinity":74,"s:148:4:148:Infinity":75,"f:151:2:151:10":11,"b:152:4:152:Infinity:undefined:undefined:undefined:undefined":17,"s:152:4:152:Infinity":76,"b:152:8:152:14:152:18:152:36":18,"s:152:38:152:Infinity":77,"s:154:17:154:25":78,"s:155:23:155:57":79,"s:156:26:157:54":80,"f:156:41:156:42":12,"s:156:46:156:63":81,"f:157:14:157:16":13,"s:157:20:157:53":82,"b:159:4:159:Infinity:undefined:undefined:undefined:undefined":19,"s:159:4:159:Infinity":83,"s:159:36:159:Infinity":84,"s:161:15:161:44":85,"f:161:33:161:35":14,"s:161:39:161:43":86,"s:162:15:162:44":87,"f:162:33:162:35":15,"s:162:39:162:43":88,"s:163:17:163:32":89,"s:164:17:164:32":90,"s:165:17:165:32":91,"s:166:17:166:32":92,"s:168:19:168:21":93,"s:169:18:169:42":94,"s:170:19:170:43":95,"s:172:17:172:46":96,"s:173:4:173:Infinity":97,"s:174:4:174:Infinity":98,"s:176:4:180:Infinity":99,"f:183:8:183:14":16,"b:183:29:183:33":20,"b:184:4:184:Infinity:undefined:undefined:undefined:undefined":21,"s:184:4:184:Infinity":100,"s:184:25:184:Infinity":101,"s:186:4:186:Infinity":102,"s:188:23:188:55":103,"s:189:20:189:47":104,"s:190:20:190:31":105,"s:192:23:192:55":106,"s:193:20:193:47":107,"s:195:4:195:Infinity":108,"s:196:4:196:Infinity":109,"f:196:22:196:29":17,"s:196:33:196:57":110,"s:198:4:198:Infinity":111,"s:199:4:199:Infinity":112,"s:200:4:200:Infinity":113,"s:202:4:202:Infinity":114,"s:203:4:203:Infinity":115,"s:204:4:204:Infinity":116,"s:206:4:206:Infinity":117,"s:207:4:207:Infinity":118,"s:209:4:235:Infinity":119,"s:210:20:210:65":120,"b:212:6:214:Infinity:undefined:undefined:undefined:undefined":22,"s:212:6:214:Infinity":121,"s:213:8:213:Infinity":122,"s:216:6:216:Infinity":123,"b:217:6:219:Infinity:undefined:undefined:undefined:undefined":23,"s:217:6:219:Infinity":124,"s:218:8:218:Infinity":125,"s:221:18:221:46":126,"s:222:6:222:Infinity":127,"s:224:6:224:Infinity":128,"s:226:6:226:Infinity":129,"s:227:6:227:Infinity":130,"s:229:6:229:Infinity":131,"s:230:6:230:Infinity":132,"s:233:6:233:Infinity":133,"s:234:6:234:Infinity":134}}}
,"/home/kamata/gaussian-vrm/apps/preprocess/preprocess.js": {"path":"/home/kamata/gaussian-vrm/apps/preprocess/preprocess.js","statementMap":{"0":{"start":{"line":16,"column":2},"end":{"line":16,"column":null}},"1":{"start":{"line":17,"column":15},"end":{"line":17,"column":16}},"2":{"start":{"line":19,"column":2},"end":{"line":79,"column":null}},"3":{"start":{"line":19,"column":15},"end":{"line":19,"column":16}},"4":{"start":{"line":20,"column":4},"end":{"line":27,"column":null}},"5":{"start":{"line":21,"column":6},"end":{"line":21,"column":null}},"6":{"start":{"line":22,"column":6},"end":{"line":22,"column":null}},"7":{"start":{"line":23,"column":6},"end":{"line":23,"column":null}},"8":{"start":{"line":24,"column":6},"end":{"line":24,"column":null}},"9":{"start":{"line":25,"column":6},"end":{"line":25,"column":null}},"10":{"start":{"line":26,"column":6},"end":{"line":26,"column":null}},"11":{"start":{"line":28,"column":22},"end":{"line":28,"column":111}},"12":{"start":{"line":29,"column":4},"end":{"line":29,"column":null}},"13":{"start":{"line":31,"column":22},"end":{"line":31,"column":30}},"14":{"start":{"line":32,"column":4},"end":{"line":32,"column":null}},"15":{"start":{"line":34,"column":4},"end":{"line":63,"column":null}},"16":{"start":{"line":34,"column":18},"end":{"line":34,"column":19}},"17":{"start":{"line":35,"column":22},"end":{"line":35,"column":43}},"18":{"start":{"line":36,"column":23},"end":{"line":36,"column":39}},"19":{"start":{"line":37,"column":23},"end":{"line":37,"column":56}},"20":{"start":{"line":38,"column":20},"end":{"line":38,"column":34}},"21":{"start":{"line":40,"column":23},"end":{"line":40,"column":43}},"22":{"start":{"line":42,"column":6},"end":{"line":62,"column":null}},"23":{"start":{"line":42,"column":20},"end":{"line":42,"column":21}},"24":{"start":{"line":43,"column":16},"end":{"line":43,"column":81}},"25":{"start":{"line":44,"column":16},"end":{"line":44,"column":85}},"26":{"start":{"line":45,"column":16},"end":{"line":45,"column":85}},"27":{"start":{"line":47,"column":8},"end":{"line":47,"column":null}},"28":{"start":{"line":48,"column":8},"end":{"line":48,"column":null}},"29":{"start":{"line":49,"column":8},"end":{"line":49,"column":null}},"30":{"start":{"line":51,"column":8},"end":{"line":51,"column":null}},"31":{"start":{"line":53,"column":27},"end":{"line":53,"column":46}},"32":{"start":{"line":54,"column":8},"end":{"line":54,"column":null}},"33":{"start":{"line":56,"column":23},"end":{"line":56,"column":59}},"34":{"start":{"line":58,"column":8},"end":{"line":61,"column":null}},"35":{"start":{"line":59,"column":10},"end":{"line":59,"column":null}},"36":{"start":{"line":60,"column":10},"end":{"line":60,"column":null}},"37":{"start":{"line":65,"column":4},"end":{"line":65,"column":null}},"38":{"start":{"line":67,"column":4},"end":{"line":67,"column":null}},"39":{"start":{"line":68,"column":4},"end":{"line":68,"column":null}},"40":{"start":{"line":69,"column":4},"end":{"line":69,"column":null}},"41":{"start":{"line":71,"column":4},"end":{"line":78,"column":null}},"42":{"start":{"line":72,"column":21},"end":{"line":72,"column":46}},"43":{"start":{"line":73,"column":6},"end":{"line":73,"column":null}},"44":{"start":{"line":76,"column":6},"end":{"line":76,"column":null}},"45":{"start":{"line":77,"column":6},"end":{"line":77,"column":null}},"46":{"start":{"line":77,"column":35},"end":{"line":77,"column":57}},"47":{"start":{"line":81,"column":2},"end":{"line":81,"column":null}},"48":{"start":{"line":82,"column":2},"end":{"line":82,"column":null}},"49":{"start":{"line":87,"column":22},"end":{"line":87,"column":85}},"50":{"start":{"line":88,"column":2},"end":{"line":88,"column":null}},"51":{"start":{"line":90,"column":19},"end":{"line":90,"column":64}},"52":{"start":{"line":91,"column":28},"end":{"line":91,"column":30}},"53":{"start":{"line":93,"column":2},"end":{"line":95,"column":null}},"54":{"start":{"line":94,"column":4},"end":{"line":94,"column":null}},"55":{"start":{"line":99,"column":2},"end":{"line":148,"column":null}},"56":{"start":{"line":99,"column":15},"end":{"line":99,"column":16}},"57":{"start":{"line":100,"column":19},"end":{"line":100,"column":71}},"58":{"start":{"line":101,"column":26},"end":{"line":101,"column":67}},"59":{"start":{"line":102,"column":4},"end":{"line":102,"column":null}},"60":{"start":{"line":104,"column":22},"end":{"line":104,"column":30}},"61":{"start":{"line":105,"column":17},"end":{"line":105,"column":26}},"62":{"start":{"line":108,"column":4},"end":{"line":138,"column":null}},"63":{"start":{"line":108,"column":18},"end":{"line":108,"column":19}},"64":{"start":{"line":109,"column":22},"end":{"line":109,"column":43}},"65":{"start":{"line":110,"column":30},"end":{"line":110,"column":46}},"66":{"start":{"line":111,"column":30},"end":{"line":111,"column":70}},"67":{"start":{"line":112,"column":20},"end":{"line":112,"column":41}},"68":{"start":{"line":114,"column":23},"end":{"line":114,"column":43}},"69":{"start":{"line":117,"column":6},"end":{"line":137,"column":null}},"70":{"start":{"line":117,"column":20},"end":{"line":117,"column":21}},"71":{"start":{"line":118,"column":16},"end":{"line":118,"column":88}},"72":{"start":{"line":119,"column":16},"end":{"line":119,"column":92}},"73":{"start":{"line":120,"column":16},"end":{"line":120,"column":92}},"74":{"start":{"line":122,"column":8},"end":{"line":122,"column":null}},"75":{"start":{"line":123,"column":8},"end":{"line":123,"column":null}},"76":{"start":{"line":124,"column":8},"end":{"line":124,"column":null}},"77":{"start":{"line":126,"column":8},"end":{"line":126,"column":null}},"78":{"start":{"line":128,"column":27},"end":{"line":128,"column":46}},"79":{"start":{"line":129,"column":8},"end":{"line":129,"column":null}},"80":{"start":{"line":131,"column":23},"end":{"line":131,"column":61}},"81":{"start":{"line":133,"column":8},"end":{"line":136,"column":null}},"82":{"start":{"line":134,"column":10},"end":{"line":134,"column":null}},"83":{"start":{"line":135,"column":10},"end":{"line":135,"column":null}},"84":{"start":{"line":140,"column":4},"end":{"line":140,"column":null}},"85":{"start":{"line":142,"column":4},"end":{"line":147,"column":null}},"86":{"start":{"line":143,"column":21},"end":{"line":143,"column":47}},"87":{"start":{"line":144,"column":6},"end":{"line":144,"column":null}},"88":{"start":{"line":145,"column":6},"end":{"line":145,"column":null}},"89":{"start":{"line":146,"column":6},"end":{"line":146,"column":null}},"90":{"start":{"line":146,"column":35},"end":{"line":146,"column":57}},"91":{"start":{"line":150,"column":2},"end":{"line":150,"column":null}},"92":{"start":{"line":157,"column":2},"end":{"line":200,"column":null}},"93":{"start":{"line":157,"column":15},"end":{"line":157,"column":16}},"94":{"start":{"line":158,"column":22},"end":{"line":158,"column":111}},"95":{"start":{"line":159,"column":4},"end":{"line":159,"column":null}},"96":{"start":{"line":161,"column":22},"end":{"line":161,"column":30}},"97":{"start":{"line":162,"column":17},"end":{"line":162,"column":18}},"98":{"start":{"line":164,"column":20},"end":{"line":164,"column":42}},"99":{"start":{"line":165,"column":24},"end":{"line":165,"column":52}},"100":{"start":{"line":168,"column":15},"end":{"line":168,"column":27}},"101":{"start":{"line":169,"column":4},"end":{"line":181,"column":null}},"102":{"start":{"line":169,"column":18},"end":{"line":169,"column":19}},"103":{"start":{"line":170,"column":26},"end":{"line":170,"column":43}},"104":{"start":{"line":171,"column":21},"end":{"line":171,"column":83}},"105":{"start":{"line":172,"column":28},"end":{"line":172,"column":79}},"106":{"start":{"line":173,"column":6},"end":{"line":173,"column":null}},"107":{"start":{"line":175,"column":21},"end":{"line":175,"column":58}},"108":{"start":{"line":177,"column":6},"end":{"line":180,"column":null}},"109":{"start":{"line":178,"column":8},"end":{"line":178,"column":null}},"110":{"start":{"line":179,"column":8},"end":{"line":179,"column":null}},"111":{"start":{"line":182,"column":4},"end":{"line":182,"column":null}},"112":{"start":{"line":194,"column":4},"end":{"line":199,"column":null}},"113":{"start":{"line":195,"column":21},"end":{"line":195,"column":46}},"114":{"start":{"line":196,"column":6},"end":{"line":196,"column":null}},"115":{"start":{"line":197,"column":6},"end":{"line":197,"column":null}},"116":{"start":{"line":198,"column":6},"end":{"line":198,"column":null}},"117":{"start":{"line":198,"column":35},"end":{"line":198,"column":57}},"118":{"start":{"line":202,"column":2},"end":{"line":202,"column":null}},"119":{"start":{"line":203,"column":2},"end":{"line":215,"column":null}},"120":{"start":{"line":203,"column":15},"end":{"line":203,"column":16}},"121":{"start":{"line":204,"column":24},"end":{"line":204,"column":48}},"122":{"start":{"line":205,"column":17},"end":{"line":205,"column":79}},"123":{"start":{"line":206,"column":4},"end":{"line":206,"column":null}},"124":{"start":{"line":208,"column":18},"end":{"line":208,"column":107}},"125":{"start":{"line":209,"column":4},"end":{"line":209,"column":null}},"126":{"start":{"line":210,"column":4},"end":{"line":210,"column":41}},"127":{"start":{"line":211,"column":4},"end":{"line":211,"column":null}},"128":{"start":{"line":213,"column":22},"end":{"line":213,"column":69}},"129":{"start":{"line":214,"column":4},"end":{"line":214,"column":null}},"130":{"start":{"line":217,"column":2},"end":{"line":217,"column":null}},"131":{"start":{"line":222,"column":16},"end":{"line":222,"column":52}},"132":{"start":{"line":224,"column":17},"end":{"line":224,"column":32}},"133":{"start":{"line":225,"column":18},"end":{"line":225,"column":53}},"134":{"start":{"line":227,"column":2},"end":{"line":227,"column":null}},"135":{"start":{"line":228,"column":16},"end":{"line":228,"column":60}},"136":{"start":{"line":230,"column":21},"end":{"line":230,"column":44}},"137":{"start":{"line":231,"column":2},"end":{"line":231,"column":null}},"138":{"start":{"line":234,"column":4},"end":{"line":234,"column":null}},"139":{"start":{"line":234,"column":18},"end":{"line":234,"column":null}},"140":{"start":{"line":235,"column":4},"end":{"line":235,"column":null}},"141":{"start":{"line":235,"column":19},"end":{"line":235,"column":null}},"142":{"start":{"line":237,"column":4},"end":{"line":239,"column":null}},"143":{"start":{"line":238,"column":6},"end":{"line":238,"column":null}},"144":{"start":{"line":240,"column":4},"end":{"line":240,"column":null}},"145":{"start":{"line":241,"column":4},"end":{"line":241,"column":null}},"146":{"start":{"line":242,"column":4},"end":{"line":242,"column":null}},"147":{"start":{"line":243,"column":4},"end":{"line":243,"column":null}},"148":{"start":{"line":243,"column":33},"end":{"line":243,"column":56}},"149":{"start":{"line":245,"column":14},"end":{"line":245,"column":15}},"150":{"start":{"line":247,"column":33},"end":{"line":250,"column":5}},"151":{"start":{"line":248,"column":6},"end":{"line":249,"column":null}},"152":{"start":{"line":253,"column":20},"end":{"line":253,"column":85}},"153":{"start":{"line":253,"column":57},"end":{"line":253,"column":84}},"154":{"start":{"line":254,"column":17},"end":{"line":254,"column":77}},"155":{"start":{"line":254,"column":44},"end":{"line":254,"column":60}},"156":{"start":{"line":255,"column":17},"end":{"line":255,"column":77}},"157":{"start":{"line":255,"column":44},"end":{"line":255,"column":60}},"158":{"start":{"line":257,"column":25},"end":{"line":257,"column":34}},"159":{"start":{"line":258,"column":4},"end":{"line":260,"column":null}},"160":{"start":{"line":258,"column":17},"end":{"line":258,"column":21}},"161":{"start":{"line":259,"column":6},"end":{"line":259,"column":null}},"162":{"start":{"line":262,"column":4},"end":{"line":265,"column":null}},"163":{"start":{"line":263,"column":21},"end":{"line":263,"column":48}},"164":{"start":{"line":264,"column":6},"end":{"line":264,"column":null}},"165":{"start":{"line":267,"column":17},"end":{"line":267,"column":25}},"166":{"start":{"line":268,"column":24},"end":{"line":268,"column":33}},"167":{"start":{"line":270,"column":26},"end":{"line":271,"column":36}},"168":{"start":{"line":271,"column":28},"end":{"line":271,"column":35}},"169":{"start":{"line":274,"column":4},"end":{"line":297,"column":null}},"170":{"start":{"line":274,"column":17},"end":{"line":274,"column":18}},"171":{"start":{"line":275,"column":23},"end":{"line":275,"column":42}},"172":{"start":{"line":277,"column":6},"end":{"line":279,"column":null}},"173":{"start":{"line":278,"column":8},"end":{"line":278,"column":null}},"174":{"start":{"line":281,"column":21},"end":{"line":281,"column":22}},"175":{"start":{"line":282,"column":6},"end":{"line":284,"column":null}},"176":{"start":{"line":282,"column":19},"end":{"line":282,"column":20}},"177":{"start":{"line":283,"column":8},"end":{"line":283,"column":null}},"178":{"start":{"line":286,"column":21},"end":{"line":286,"column":22}},"179":{"start":{"line":287,"column":6},"end":{"line":289,"column":null}},"180":{"start":{"line":287,"column":19},"end":{"line":287,"column":20}},"181":{"start":{"line":288,"column":8},"end":{"line":288,"column":null}},"182":{"start":{"line":291,"column":25},"end":{"line":291,"column":44}},"183":{"start":{"line":293,"column":6},"end":{"line":296,"column":null}},"184":{"start":{"line":294,"column":8},"end":{"line":294,"column":null}},"185":{"start":{"line":295,"column":8},"end":{"line":295,"column":null}},"186":{"start":{"line":300,"column":4},"end":{"line":303,"column":null}},"187":{"start":{"line":301,"column":6},"end":{"line":301,"column":null}},"188":{"start":{"line":302,"column":6},"end":{"line":302,"column":null}},"189":{"start":{"line":305,"column":22},"end":{"line":305,"column":30}},"190":{"start":{"line":307,"column":4},"end":{"line":312,"column":null}},"191":{"start":{"line":308,"column":6},"end":{"line":311,"column":null}},"192":{"start":{"line":309,"column":8},"end":{"line":309,"column":null}},"193":{"start":{"line":310,"column":8},"end":{"line":310,"column":null}},"194":{"start":{"line":314,"column":4},"end":{"line":314,"column":null}},"195":{"start":{"line":317,"column":17},"end":{"line":317,"column":65}},"196":{"start":{"line":318,"column":33},"end":{"line":321,"column":5}},"197":{"start":{"line":319,"column":6},"end":{"line":320,"column":null}},"198":{"start":{"line":324,"column":29},"end":{"line":324,"column":54}},"199":{"start":{"line":327,"column":27},"end":{"line":327,"column":31}},"200":{"start":{"line":328,"column":30},"end":{"line":331,"column":6}},"201":{"start":{"line":329,"column":23},"end":{"line":329,"column":93}},"202":{"start":{"line":330,"column":6},"end":{"line":330,"column":null}},"203":{"start":{"line":332,"column":27},"end":{"line":332,"column":81}},"204":{"start":{"line":334,"column":4},"end":{"line":340,"column":null}},"205":{"start":{"line":342,"column":4},"end":{"line":355,"column":null}},"206":{"start":{"line":345,"column":6},"end":{"line":354,"column":null}},"207":{"start":{"line":346,"column":8},"end":{"line":346,"column":null}},"208":{"start":{"line":347,"column":8},"end":{"line":349,"column":null}},"209":{"start":{"line":350,"column":8},"end":{"line":350,"column":null}},"210":{"start":{"line":352,"column":8},"end":{"line":352,"column":null}},"211":{"start":{"line":353,"column":8},"end":{"line":353,"column":null}},"212":{"start":{"line":357,"column":4},"end":{"line":357,"column":null}},"213":{"start":{"line":361,"column":4},"end":{"line":361,"column":null}},"214":{"start":{"line":361,"column":18},"end":{"line":361,"column":null}},"215":{"start":{"line":362,"column":4},"end":{"line":362,"column":null}},"216":{"start":{"line":362,"column":19},"end":{"line":362,"column":null}},"217":{"start":{"line":364,"column":17},"end":{"line":364,"column":64}},"218":{"start":{"line":365,"column":17},"end":{"line":365,"column":64}},"219":{"start":{"line":366,"column":22},"end":{"line":369,"column":5}},"220":{"start":{"line":367,"column":6},"end":{"line":368,"column":null}},"221":{"start":{"line":372,"column":4},"end":{"line":375,"column":null}},"222":{"start":{"line":373,"column":6},"end":{"line":373,"column":null}},"223":{"start":{"line":374,"column":6},"end":{"line":374,"column":null}},"224":{"start":{"line":377,"column":17},"end":{"line":377,"column":69}},"225":{"start":{"line":377,"column":51},"end":{"line":377,"column":65}},"226":{"start":{"line":378,"column":17},"end":{"line":378,"column":69}},"227":{"start":{"line":378,"column":51},"end":{"line":378,"column":65}},"228":{"start":{"line":380,"column":25},"end":{"line":380,"column":83}},"229":{"start":{"line":382,"column":4},"end":{"line":384,"column":null}},"230":{"start":{"line":383,"column":6},"end":{"line":383,"column":null}},"231":{"start":{"line":385,"column":4},"end":{"line":385,"column":null}},"232":{"start":{"line":386,"column":4},"end":{"line":386,"column":null}},"233":{"start":{"line":387,"column":4},"end":{"line":387,"column":null}},"234":{"start":{"line":388,"column":4},"end":{"line":388,"column":null}},"235":{"start":{"line":388,"column":33},"end":{"line":388,"column":56}},"236":{"start":{"line":390,"column":4},"end":{"line":390,"column":null}},"237":{"start":{"line":395,"column":4},"end":{"line":395,"column":null}},"238":{"start":{"line":395,"column":18},"end":{"line":395,"column":null}},"239":{"start":{"line":396,"column":4},"end":{"line":396,"column":null}},"240":{"start":{"line":396,"column":19},"end":{"line":396,"column":null}},"241":{"start":{"line":398,"column":17},"end":{"line":398,"column":64}},"242":{"start":{"line":399,"column":17},"end":{"line":399,"column":64}},"243":{"start":{"line":400,"column":22},"end":{"line":403,"column":5}},"244":{"start":{"line":401,"column":6},"end":{"line":402,"column":null}},"245":{"start":{"line":406,"column":4},"end":{"line":409,"column":null}},"246":{"start":{"line":407,"column":6},"end":{"line":407,"column":null}},"247":{"start":{"line":408,"column":6},"end":{"line":408,"column":null}},"248":{"start":{"line":411,"column":17},"end":{"line":411,"column":69}},"249":{"start":{"line":411,"column":51},"end":{"line":411,"column":65}},"250":{"start":{"line":412,"column":17},"end":{"line":412,"column":69}},"251":{"start":{"line":412,"column":51},"end":{"line":412,"column":65}},"252":{"start":{"line":414,"column":25},"end":{"line":414,"column":83}},"253":{"start":{"line":416,"column":4},"end":{"line":418,"column":null}},"254":{"start":{"line":417,"column":6},"end":{"line":417,"column":null}},"255":{"start":{"line":419,"column":4},"end":{"line":419,"column":null}},"256":{"start":{"line":420,"column":4},"end":{"line":420,"column":null}},"257":{"start":{"line":421,"column":4},"end":{"line":421,"column":null}},"258":{"start":{"line":422,"column":4},"end":{"line":422,"column":null}},"259":{"start":{"line":422,"column":33},"end":{"line":422,"column":56}},"260":{"start":{"line":424,"column":4},"end":{"line":424,"column":null}},"261":{"start":{"line":429,"column":17},"end":{"line":429,"column":65}},"262":{"start":{"line":430,"column":21},"end":{"line":434,"column":5}},"263":{"start":{"line":431,"column":6},"end":{"line":432,"column":null}},"264":{"start":{"line":438,"column":25},"end":{"line":438,"column":34}},"265":{"start":{"line":439,"column":4},"end":{"line":443,"column":null}},"266":{"start":{"line":439,"column":17},"end":{"line":439,"column":20}},"267":{"start":{"line":440,"column":6},"end":{"line":442,"column":null}},"268":{"start":{"line":440,"column":19},"end":{"line":440,"column":22}},"269":{"start":{"line":441,"column":8},"end":{"line":441,"column":null}},"270":{"start":{"line":444,"column":4},"end":{"line":448,"column":null}},"271":{"start":{"line":445,"column":21},"end":{"line":445,"column":82}},"272":{"start":{"line":446,"column":6},"end":{"line":446,"column":null}},"273":{"start":{"line":447,"column":6},"end":{"line":447,"column":null}},"274":{"start":{"line":451,"column":4},"end":{"line":453,"column":null}},"275":{"start":{"line":452,"column":6},"end":{"line":452,"column":null}},"276":{"start":{"line":456,"column":26},"end":{"line":456,"column":59}},"277":{"start":{"line":457,"column":4},"end":{"line":457,"column":null}},"278":{"start":{"line":457,"column":33},"end":{"line":457,"column":50}},"279":{"start":{"line":459,"column":22},"end":{"line":459,"column":69}},"280":{"start":{"line":459,"column":53},"end":{"line":459,"column":68}},"281":{"start":{"line":460,"column":22},"end":{"line":460,"column":89}},"282":{"start":{"line":460,"column":55},"end":{"line":460,"column":66}},"283":{"start":{"line":463,"column":4},"end":{"line":463,"column":null}},"284":{"start":{"line":464,"column":4},"end":{"line":466,"column":null}},"285":{"start":{"line":465,"column":6},"end":{"line":465,"column":76}},"286":{"start":{"line":469,"column":4},"end":{"line":493,"column":null}},"287":{"start":{"line":469,"column":17},"end":{"line":469,"column":20}},"288":{"start":{"line":470,"column":6},"end":{"line":492,"column":null}},"289":{"start":{"line":470,"column":19},"end":{"line":470,"column":22}},"290":{"start":{"line":471,"column":23},"end":{"line":471,"column":34}},"291":{"start":{"line":472,"column":26},"end":{"line":472,"column":50}},"292":{"start":{"line":473,"column":8},"end":{"line":475,"column":null}},"293":{"start":{"line":474,"column":10},"end":{"line":474,"column":null}},"294":{"start":{"line":476,"column":20},"end":{"line":476,"column":21}},"295":{"start":{"line":477,"column":8},"end":{"line":488,"column":null}},"296":{"start":{"line":477,"column":22},"end":{"line":477,"column":24}},"297":{"start":{"line":478,"column":10},"end":{"line":487,"column":null}},"298":{"start":{"line":478,"column":24},"end":{"line":478,"column":26}},"299":{"start":{"line":479,"column":12},"end":{"line":481,"column":null}},"300":{"start":{"line":480,"column":14},"end":{"line":480,"column":null}},"301":{"start":{"line":482,"column":28},"end":{"line":482,"column":49}},"302":{"start":{"line":483,"column":31},"end":{"line":483,"column":56}},"303":{"start":{"line":484,"column":12},"end":{"line":486,"column":null}},"304":{"start":{"line":485,"column":14},"end":{"line":485,"column":null}},"305":{"start":{"line":489,"column":8},"end":{"line":491,"column":null}},"306":{"start":{"line":490,"column":10},"end":{"line":490,"column":null}},"307":{"start":{"line":498,"column":30},"end":{"line":502,"column":5}},"308":{"start":{"line":499,"column":6},"end":{"line":501,"column":null}},"309":{"start":{"line":505,"column":30},"end":{"line":510,"column":5}},"310":{"start":{"line":506,"column":6},"end":{"line":509,"column":null}},"311":{"start":{"line":512,"column":4},"end":{"line":512,"column":null}},"312":{"start":{"line":515,"column":13},"end":{"line":515,"column":22}},"313":{"start":{"line":518,"column":4},"end":{"line":523,"column":null}},"314":{"start":{"line":519,"column":6},"end":{"line":521,"column":null}},"315":{"start":{"line":520,"column":8},"end":{"line":520,"column":null}},"316":{"start":{"line":522,"column":6},"end":{"line":522,"column":null}},"317":{"start":{"line":530,"column":4},"end":{"line":530,"column":null}},"318":{"start":{"line":531,"column":4},"end":{"line":531,"column":null}},"319":{"start":{"line":533,"column":4},"end":{"line":533,"column":null}},"320":{"start":{"line":534,"column":4},"end":{"line":534,"column":null}},"321":{"start":{"line":536,"column":30},"end":{"line":539,"column":5}},"322":{"start":{"line":537,"column":6},"end":{"line":538,"column":null}},"323":{"start":{"line":540,"column":30},"end":{"line":543,"column":5}},"324":{"start":{"line":541,"column":6},"end":{"line":542,"column":null}},"325":{"start":{"line":545,"column":4},"end":{"line":545,"column":null}},"326":{"start":{"line":546,"column":4},"end":{"line":546,"column":105}},"327":{"start":{"line":548,"column":53},"end":{"line":548,"column":102}},"328":{"start":{"line":549,"column":30},"end":{"line":549,"column":73}},"329":{"start":{"line":551,"column":4},"end":{"line":551,"column":null}},"330":{"start":{"line":553,"column":23},"end":{"line":553,"column":80}},"331":{"start":{"line":554,"column":24},"end":{"line":554,"column":95}},"332":{"start":{"line":555,"column":18},"end":{"line":555,"column":79}},"333":{"start":{"line":556,"column":17},"end":{"line":556,"column":43}},"334":{"start":{"line":558,"column":23},"end":{"line":558,"column":80}},"335":{"start":{"line":559,"column":24},"end":{"line":559,"column":95}},"336":{"start":{"line":560,"column":18},"end":{"line":560,"column":79}},"337":{"start":{"line":561,"column":17},"end":{"line":561,"column":43}},"338":{"start":{"line":563,"column":4},"end":{"line":563,"column":null}},"339":{"start":{"line":566,"column":2},"end":{"line":566,"column":null}},"340":{"start":{"line":567,"column":2},"end":{"line":567,"column":null}},"341":{"start":{"line":568,"column":2},"end":{"line":568,"column":null}},"342":{"start":{"line":570,"column":2},"end":{"line":570,"column":null}},"343":{"start":{"line":571,"column":2},"end":{"line":571,"column":null}},"344":{"start":{"line":573,"column":2},"end":{"line":573,"column":null}},"345":{"start":{"line":579,"column":23},"end":{"line":579,"column":25}},"346":{"start":{"line":581,"column":20},"end":{"line":581,"column":51}},"347":{"start":{"line":582,"column":23},"end":{"line":582,"column":75}},"348":{"start":{"line":584,"column":2},"end":{"line":608,"column":null}},"349":{"start":{"line":584,"column":15},"end":{"line":584,"column":16}},"350":{"start":{"line":585,"column":18},"end":{"line":585,"column":44}},"351":{"start":{"line":586,"column":4},"end":{"line":586,"column":null}},"352":{"start":{"line":587,"column":4},"end":{"line":587,"column":null}},"353":{"start":{"line":588,"column":4},"end":{"line":588,"column":null}},"354":{"start":{"line":589,"column":4},"end":{"line":589,"column":null}},"355":{"start":{"line":591,"column":4},"end":{"line":591,"column":null}},"356":{"start":{"line":592,"column":20},"end":{"line":592,"column":62}},"357":{"start":{"line":593,"column":22},"end":{"line":593,"column":63}},"358":{"start":{"line":594,"column":4},"end":{"line":594,"column":58}},"359":{"start":{"line":594,"column":33},"end":{"line":594,"column":56}},"360":{"start":{"line":595,"column":16},"end":{"line":595,"column":25}},"361":{"start":{"line":597,"column":4},"end":{"line":605,"column":null}},"362":{"start":{"line":600,"column":19},"end":{"line":600,"column":32}},"363":{"start":{"line":601,"column":20},"end":{"line":601,"column":33}},"364":{"start":{"line":602,"column":6},"end":{"line":604,"column":null}},"365":{"start":{"line":603,"column":8},"end":{"line":603,"column":null}},"366":{"start":{"line":607,"column":4},"end":{"line":607,"column":null}},"367":{"start":{"line":610,"column":24},"end":{"line":610,"column":57}},"368":{"start":{"line":612,"column":2},"end":{"line":643,"column":null}},"369":{"start":{"line":614,"column":4},"end":{"line":636,"column":null}},"370":{"start":{"line":614,"column":17},"end":{"line":614,"column":18}},"371":{"start":{"line":615,"column":21},"end":{"line":615,"column":23}},"372":{"start":{"line":616,"column":6},"end":{"line":620,"column":null}},"373":{"start":{"line":616,"column":19},"end":{"line":616,"column":21}},"374":{"start":{"line":617,"column":20},"end":{"line":617,"column":35}},"375":{"start":{"line":618,"column":8},"end":{"line":618,"column":null}},"376":{"start":{"line":618,"column":23},"end":{"line":618,"column":null}},"377":{"start":{"line":619,"column":8},"end":{"line":619,"column":null}},"378":{"start":{"line":623,"column":26},"end":{"line":625,"column":45}},"379":{"start":{"line":624,"column":18},"end":{"line":624,"column":25}},"380":{"start":{"line":625,"column":25},"end":{"line":625,"column":44}},"381":{"start":{"line":627,"column":6},"end":{"line":627,"column":null}},"382":{"start":{"line":627,"column":36},"end":{"line":627,"column":null}},"383":{"start":{"line":629,"column":23},"end":{"line":629,"column":94}},"384":{"start":{"line":629,"column":58},"end":{"line":629,"column":69}},"385":{"start":{"line":630,"column":6},"end":{"line":635,"column":null}},"386":{"start":{"line":631,"column":8},"end":{"line":634,"column":null}},"387":{"start":{"line":639,"column":4},"end":{"line":642,"column":null}},"388":{"start":{"line":640,"column":6},"end":{"line":640,"column":49}},"389":{"start":{"line":644,"column":2},"end":{"line":644,"column":null}},"390":{"start":{"line":645,"column":2},"end":{"line":645,"column":null}},"391":{"start":{"line":650,"column":2},"end":{"line":650,"column":null}},"392":{"start":{"line":651,"column":2},"end":{"line":651,"column":null}},"393":{"start":{"line":652,"column":2},"end":{"line":652,"column":null}},"394":{"start":{"line":653,"column":2},"end":{"line":653,"column":null}},"395":{"start":{"line":655,"column":2},"end":{"line":655,"column":null}},"396":{"start":{"line":656,"column":2},"end":{"line":656,"column":null}},"397":{"start":{"line":657,"column":18},"end":{"line":657,"column":60}},"398":{"start":{"line":658,"column":2},"end":{"line":658,"column":null}},"399":{"start":{"line":663,"column":2},"end":{"line":663,"column":null}},"400":{"start":{"line":665,"column":20},"end":{"line":666,"column":28}},"401":{"start":{"line":667,"column":19},"end":{"line":667,"column":51}},"402":{"start":{"line":669,"column":20},"end":{"line":669,"column":53}},"403":{"start":{"line":671,"column":15},"end":{"line":671,"column":60}},"404":{"start":{"line":672,"column":14},"end":{"line":672,"column":39}},"405":{"start":{"line":673,"column":12},"end":{"line":673,"column":39}},"406":{"start":{"line":674,"column":2},"end":{"line":674,"column":null}},"407":{"start":{"line":675,"column":2},"end":{"line":675,"column":null}},"408":{"start":{"line":676,"column":2},"end":{"line":676,"column":null}},"409":{"start":{"line":677,"column":2},"end":{"line":677,"column":null}},"410":{"start":{"line":678,"column":2},"end":{"line":678,"column":null}},"411":{"start":{"line":679,"column":2},"end":{"line":679,"column":null}},"412":{"start":{"line":684,"column":25},"end":{"line":684,"column":61}},"413":{"start":{"line":685,"column":25},"end":{"line":686,"column":74}},"414":{"start":{"line":687,"column":15},"end":{"line":687,"column":61}},"415":{"start":{"line":688,"column":2},"end":{"line":688,"column":null}},"416":{"start":{"line":689,"column":2},"end":{"line":689,"column":34}},"417":{"start":{"line":690,"column":2},"end":{"line":690,"column":null}},"418":{"start":{"line":691,"column":2},"end":{"line":691,"column":null}},"419":{"start":{"line":692,"column":2},"end":{"line":692,"column":null}},"420":{"start":{"line":698,"column":21},"end":{"line":698,"column":27}},"421":{"start":{"line":699,"column":17},"end":{"line":699,"column":21}},"422":{"start":{"line":700,"column":26},"end":{"line":700,"column":67}},"423":{"start":{"line":701,"column":23},"end":{"line":701,"column":64}},"424":{"start":{"line":702,"column":23},"end":{"line":702,"column":63}},"425":{"start":{"line":703,"column":2},"end":{"line":703,"column":null}},"426":{"start":{"line":706,"column":19},"end":{"line":706,"column":127}},"427":{"start":{"line":707,"column":4},"end":{"line":710,"column":null}},"428":{"start":{"line":708,"column":6},"end":{"line":708,"column":null}},"429":{"start":{"line":709,"column":6},"end":{"line":709,"column":null}},"430":{"start":{"line":711,"column":4},"end":{"line":711,"column":null}},"431":{"start":{"line":714,"column":2},"end":{"line":1222,"column":null}},"432":{"start":{"line":716,"column":4},"end":{"line":718,"column":null}},"433":{"start":{"line":717,"column":6},"end":{"line":717,"column":null}},"434":{"start":{"line":720,"column":4},"end":{"line":723,"column":null}},"435":{"start":{"line":721,"column":6},"end":{"line":721,"column":null}},"436":{"start":{"line":722,"column":6},"end":{"line":722,"column":null}},"437":{"start":{"line":726,"column":4},"end":{"line":764,"column":null}},"438":{"start":{"line":727,"column":6},"end":{"line":763,"column":null}},"439":{"start":{"line":728,"column":8},"end":{"line":728,"column":null}},"440":{"start":{"line":729,"column":8},"end":{"line":729,"column":null}},"441":{"start":{"line":730,"column":8},"end":{"line":730,"column":null}},"442":{"start":{"line":732,"column":8},"end":{"line":732,"column":null}},"443":{"start":{"line":733,"column":8},"end":{"line":735,"column":null}},"444":{"start":{"line":733,"column":21},"end":{"line":733,"column":22}},"445":{"start":{"line":734,"column":10},"end":{"line":734,"column":null}},"446":{"start":{"line":736,"column":8},"end":{"line":736,"column":null}},"447":{"start":{"line":737,"column":8},"end":{"line":737,"column":null}},"448":{"start":{"line":738,"column":8},"end":{"line":738,"column":null}},"449":{"start":{"line":738,"column":37},"end":{"line":738,"column":60}},"450":{"start":{"line":740,"column":8},"end":{"line":740,"column":null}},"451":{"start":{"line":742,"column":8},"end":{"line":745,"column":null}},"452":{"start":{"line":743,"column":10},"end":{"line":743,"column":null}},"453":{"start":{"line":744,"column":10},"end":{"line":744,"column":null}},"454":{"start":{"line":746,"column":8},"end":{"line":746,"column":null}},"455":{"start":{"line":748,"column":8},"end":{"line":748,"column":null}},"456":{"start":{"line":749,"column":8},"end":{"line":749,"column":null}},"457":{"start":{"line":750,"column":8},"end":{"line":750,"column":null}},"458":{"start":{"line":751,"column":8},"end":{"line":751,"column":null}},"459":{"start":{"line":754,"column":8},"end":{"line":754,"column":null}},"460":{"start":{"line":756,"column":8},"end":{"line":758,"column":null}},"461":{"start":{"line":756,"column":21},"end":{"line":756,"column":22}},"462":{"start":{"line":757,"column":10},"end":{"line":757,"column":null}},"463":{"start":{"line":759,"column":8},"end":{"line":759,"column":null}},"464":{"start":{"line":761,"column":8},"end":{"line":761,"column":null}},"465":{"start":{"line":762,"column":8},"end":{"line":762,"column":null}},"466":{"start":{"line":767,"column":4},"end":{"line":773,"column":null}},"467":{"start":{"line":768,"column":6},"end":{"line":768,"column":null}},"468":{"start":{"line":769,"column":6},"end":{"line":769,"column":null}},"469":{"start":{"line":771,"column":6},"end":{"line":771,"column":null}},"470":{"start":{"line":772,"column":6},"end":{"line":772,"column":null}},"471":{"start":{"line":776,"column":4},"end":{"line":803,"column":null}},"472":{"start":{"line":777,"column":6},"end":{"line":802,"column":null}},"473":{"start":{"line":778,"column":8},"end":{"line":780,"column":null}},"474":{"start":{"line":779,"column":10},"end":{"line":779,"column":null}},"475":{"start":{"line":781,"column":8},"end":{"line":781,"column":null}},"476":{"start":{"line":783,"column":8},"end":{"line":783,"column":null}},"477":{"start":{"line":784,"column":8},"end":{"line":784,"column":null}},"478":{"start":{"line":785,"column":8},"end":{"line":785,"column":null}},"479":{"start":{"line":787,"column":24},"end":{"line":787,"column":53}},"480":{"start":{"line":788,"column":8},"end":{"line":788,"column":null}},"481":{"start":{"line":789,"column":8},"end":{"line":789,"column":41}},"482":{"start":{"line":790,"column":8},"end":{"line":790,"column":null}},"483":{"start":{"line":791,"column":8},"end":{"line":791,"column":null}},"484":{"start":{"line":793,"column":25},"end":{"line":793,"column":55}},"485":{"start":{"line":794,"column":8},"end":{"line":794,"column":null}},"486":{"start":{"line":795,"column":8},"end":{"line":795,"column":null}},"487":{"start":{"line":797,"column":8},"end":{"line":797,"column":null}},"488":{"start":{"line":798,"column":8},"end":{"line":798,"column":null}},"489":{"start":{"line":800,"column":8},"end":{"line":800,"column":null}},"490":{"start":{"line":801,"column":8},"end":{"line":801,"column":null}},"491":{"start":{"line":805,"column":4},"end":{"line":818,"column":null}},"492":{"start":{"line":806,"column":6},"end":{"line":816,"column":null}},"493":{"start":{"line":806,"column":19},"end":{"line":806,"column":20}},"494":{"start":{"line":807,"column":20},"end":{"line":809,"column":9}},"495":{"start":{"line":810,"column":23},"end":{"line":812,"column":9}},"496":{"start":{"line":813,"column":8},"end":{"line":815,"column":null}},"497":{"start":{"line":814,"column":10},"end":{"line":814,"column":null}},"498":{"start":{"line":817,"column":6},"end":{"line":817,"column":null}},"499":{"start":{"line":821,"column":4},"end":{"line":875,"column":null}},"500":{"start":{"line":822,"column":6},"end":{"line":874,"column":null}},"501":{"start":{"line":823,"column":26},"end":{"line":823,"column":67}},"502":{"start":{"line":824,"column":8},"end":{"line":824,"column":null}},"503":{"start":{"line":826,"column":23},"end":{"line":826,"column":24}},"504":{"start":{"line":826,"column":35},"end":{"line":826,"column":46}},"505":{"start":{"line":827,"column":29},"end":{"line":828,"column":76}},"506":{"start":{"line":830,"column":8},"end":{"line":833,"column":null}},"507":{"start":{"line":831,"column":10},"end":{"line":831,"column":null}},"508":{"start":{"line":832,"column":10},"end":{"line":832,"column":null}},"509":{"start":{"line":835,"column":23},"end":{"line":835,"column":56}},"510":{"start":{"line":836,"column":23},"end":{"line":836,"column":56}},"511":{"start":{"line":837,"column":27},"end":{"line":838,"column":76}},"512":{"start":{"line":840,"column":8},"end":{"line":840,"column":null}},"513":{"start":{"line":841,"column":8},"end":{"line":841,"column":null}},"514":{"start":{"line":842,"column":8},"end":{"line":842,"column":null}},"515":{"start":{"line":843,"column":8},"end":{"line":843,"column":null}},"516":{"start":{"line":845,"column":24},"end":{"line":845,"column":53}},"517":{"start":{"line":846,"column":33},"end":{"line":846,"column":57}},"518":{"start":{"line":847,"column":8},"end":{"line":847,"column":null}},"519":{"start":{"line":848,"column":8},"end":{"line":848,"column":null}},"520":{"start":{"line":849,"column":32},"end":{"line":849,"column":92}},"521":{"start":{"line":850,"column":8},"end":{"line":850,"column":86}},"522":{"start":{"line":851,"column":8},"end":{"line":851,"column":null}},"523":{"start":{"line":852,"column":8},"end":{"line":852,"column":null}},"524":{"start":{"line":853,"column":8},"end":{"line":853,"column":null}},"525":{"start":{"line":854,"column":8},"end":{"line":854,"column":null}},"526":{"start":{"line":856,"column":25},"end":{"line":856,"column":55}},"527":{"start":{"line":857,"column":8},"end":{"line":857,"column":null}},"528":{"start":{"line":858,"column":8},"end":{"line":858,"column":null}},"529":{"start":{"line":859,"column":8},"end":{"line":859,"column":null}},"530":{"start":{"line":861,"column":8},"end":{"line":861,"column":null}},"531":{"start":{"line":862,"column":8},"end":{"line":862,"column":null}},"532":{"start":{"line":863,"column":36},"end":{"line":863,"column":98}},"533":{"start":{"line":864,"column":8},"end":{"line":864,"column":89}},"534":{"start":{"line":865,"column":8},"end":{"line":865,"column":null}},"535":{"start":{"line":866,"column":8},"end":{"line":866,"column":null}},"536":{"start":{"line":868,"column":8},"end":{"line":868,"column":null}},"537":{"start":{"line":869,"column":8},"end":{"line":869,"column":null}},"538":{"start":{"line":870,"column":8},"end":{"line":870,"column":null}},"539":{"start":{"line":872,"column":8},"end":{"line":872,"column":null}},"540":{"start":{"line":873,"column":8},"end":{"line":873,"column":null}},"541":{"start":{"line":877,"column":4},"end":{"line":877,"column":null}},"542":{"start":{"line":880,"column":4},"end":{"line":909,"column":null}},"543":{"start":{"line":881,"column":6},"end":{"line":908,"column":null}},"544":{"start":{"line":882,"column":8},"end":{"line":882,"column":null}},"545":{"start":{"line":883,"column":23},"end":{"line":884,"column":99}},"546":{"start":{"line":886,"column":8},"end":{"line":886,"column":null}},"547":{"start":{"line":889,"column":25},"end":{"line":889,"column":58}},"548":{"start":{"line":890,"column":26},"end":{"line":890,"column":59}},"549":{"start":{"line":891,"column":27},"end":{"line":891,"column":77}},"550":{"start":{"line":892,"column":8},"end":{"line":892,"column":null}},"551":{"start":{"line":893,"column":8},"end":{"line":904,"column":null}},"552":{"start":{"line":894,"column":32},"end":{"line":894,"column":75}},"553":{"start":{"line":895,"column":28},"end":{"line":895,"column":39}},"554":{"start":{"line":896,"column":10},"end":{"line":901,"column":null}},"555":{"start":{"line":897,"column":12},"end":{"line":897,"column":25}},"556":{"start":{"line":900,"column":12},"end":{"line":900,"column":null}},"557":{"start":{"line":902,"column":10},"end":{"line":902,"column":null}},"558":{"start":{"line":903,"column":10},"end":{"line":903,"column":null}},"559":{"start":{"line":906,"column":8},"end":{"line":906,"column":null}},"560":{"start":{"line":907,"column":8},"end":{"line":907,"column":null}},"561":{"start":{"line":911,"column":4},"end":{"line":911,"column":42}},"562":{"start":{"line":915,"column":4},"end":{"line":929,"column":null}},"563":{"start":{"line":916,"column":17},"end":{"line":916,"column":58}},"564":{"start":{"line":917,"column":17},"end":{"line":917,"column":58}},"565":{"start":{"line":918,"column":17},"end":{"line":918,"column":58}},"566":{"start":{"line":919,"column":27},"end":{"line":919,"column":45}},"567":{"start":{"line":920,"column":27},"end":{"line":920,"column":57}},"568":{"start":{"line":921,"column":28},"end":{"line":921,"column":46}},"569":{"start":{"line":922,"column":28},"end":{"line":922,"column":59}},"570":{"start":{"line":923,"column":6},"end":{"line":923,"column":null}},"571":{"start":{"line":924,"column":6},"end":{"line":924,"column":null}},"572":{"start":{"line":925,"column":6},"end":{"line":925,"column":null}},"573":{"start":{"line":927,"column":6},"end":{"line":927,"column":null}},"574":{"start":{"line":928,"column":6},"end":{"line":928,"column":null}},"575":{"start":{"line":933,"column":4},"end":{"line":1107,"column":null}},"576":{"start":{"line":934,"column":6},"end":{"line":1091,"column":null}},"577":{"start":{"line":936,"column":23},"end":{"line":936,"column":59}},"578":{"start":{"line":937,"column":23},"end":{"line":937,"column":4
[...]
44,"column":34},"end":{"line":244,"column":66}},"127":{"start":{"line":246,"column":8},"end":{"line":304,"column":null}},"128":{"start":{"line":249,"column":34},"end":{"line":249,"column":55}},"129":{"start":{"line":250,"column":34},"end":{"line":250,"column":50}},"130":{"start":{"line":251,"column":32},"end":{"line":251,"column":62}},"131":{"start":{"line":252,"column":32},"end":{"line":252,"column":86}},"132":{"start":{"line":253,"column":34},"end":{"line":253,"column":70}},"133":{"start":{"line":255,"column":12},"end":{"line":302,"column":null}},"134":{"start":{"line":257,"column":37},"end":{"line":257,"column":53}},"135":{"start":{"line":260,"column":16},"end":{"line":260,"column":null}},"136":{"start":{"line":261,"column":16},"end":{"line":261,"column":null}},"137":{"start":{"line":263,"column":16},"end":{"line":300,"column":null}},"138":{"start":{"line":266,"column":20},"end":{"line":285,"column":null}},"139":{"start":{"line":266,"column":33},"end":{"line":266,"column":34}},"140":{"start":{"line":268,"column":47},"end":{"line":268,"column":75}},"141":{"start":{"line":270,"column":24},"end":{"line":270,"column":null}},"142":{"start":{"line":273,"column":24},"end":{"line":275,"column":null}},"143":{"start":{"line":277,"column":24},"end":{"line":277,"column":null}},"144":{"start":{"line":279,"column":24},"end":{"line":283,"column":null}},"145":{"start":{"line":281,"column":28},"end":{"line":281,"column":null}},"146":{"start":{"line":287,"column":20},"end":{"line":293,"column":null}},"147":{"start":{"line":291,"column":56},"end":{"line":291,"column":110}},"148":{"start":{"line":295,"column":23},"end":{"line":300,"column":null}},"149":{"start":{"line":297,"column":34},"end":{"line":297,"column":138}},"150":{"start":{"line":297,"column":61},"end":{"line":297,"column":137}},"151":{"start":{"line":298,"column":20},"end":{"line":298,"column":null}},"152":{"start":{"line":306,"column":8},"end":{"line":306,"column":null}},"153":{"start":{"line":316,"column":24},"end":{"line":369,"column":1}}},"fnMap":{"0":{"name":"(anonymous_0)","decl":{"start":{"line":12,"column":4},"end":{"line":12,"column":15}},"loc":{"start":{"line":12,"column":90},"end":{"line":27,"column":null}},"line":12},"1":{"name":"(anonymous_1)","decl":{"start":{"line":29,"column":4},"end":{"line":29,"column":11}},"loc":{"start":{"line":29,"column":64},"end":{"line":123,"column":null}},"line":29},"2":{"name":"(anonymous_2)","decl":{"start":{"line":43,"column":24},"end":{"line":43,"column":25}},"loc":{"start":{"line":43,"column":36},"end":{"line":46,"column":9}},"line":43},"3":{"name":"(anonymous_3)","decl":{"start":{"line":48,"column":42},"end":{"line":48,"column":43}},"loc":{"start":{"line":48,"column":63},"end":{"line":122,"column":9}},"line":48},"4":{"name":"(anonymous_4)","decl":{"start":{"line":52,"column":16},"end":{"line":52,"column":21}},"loc":{"start":{"line":52,"column":32},"end":{"line":111,"column":17}},"line":52},"5":{"name":"(anonymous_5)","decl":{"start":{"line":61,"column":39},"end":{"line":61,"column":40}},"loc":{"start":{"line":61,"column":48},"end":{"line":63,"column":21}},"line":61},"6":{"name":"(anonymous_6)","decl":{"start":{"line":112,"column":16},"end":{"line":112,"column":17}},"loc":{"start":{"line":112,"column":30},"end":{"line":119,"column":17}},"line":112},"7":{"name":"(anonymous_7)","decl":{"start":{"line":120,"column":16},"end":{"line":120,"column":17}},"loc":{"start":{"line":120,"column":27},"end":{"line":120,"column":40}},"line":120},"8":{"name":"(anonymous_8)","decl":{"start":{"line":125,"column":10},"end":{"line":125,"column":17}},"loc":{"start":{"line":125,"column":39},"end":{"line":155,"column":null}},"line":125},"9":{"name":"(anonymous_9)","decl":{"start":{"line":157,"column":10},"end":{"line":157,"column":15}},"loc":{"start":{"line":157,"column":18},"end":{"line":163,"column":null}},"line":157},"10":{"name":"(anonymous_10)","decl":{"start":{"line":165,"column":10},"end":{"line":165,"column":15}},"loc":{"start":{"line":165,"column":23},"end":{"line":170,"column":null}},"line":165},"11":{"name":"(anonymous_11)","decl":{"start":{"line":172,"column":10},"end":{"line":172,"column":19}},"loc":{"start":{"line":172,"column":46},"end":{"line":193,"column":null}},"line":172},"12":{"name":"(anonymous_12)","decl":{"start":{"line":184,"column":18},"end":{"line":184,"column":19}},"loc":{"start":{"line":184,"column":23},"end":{"line":184,"column":61}},"line":184},"13":{"name":"(anonymous_13)","decl":{"start":{"line":195,"column":10},"end":{"line":195,"column":19}},"loc":{"start":{"line":195,"column":25},"end":{"line":197,"column":null}},"line":195},"14":{"name":"(anonymous_14)","decl":{"start":{"line":200,"column":4},"end":{"line":200,"column":13}},"loc":{"start":{"line":200,"column":16},"end":{"line":202,"column":null}},"line":200},"15":{"name":"(anonymous_15)","decl":{"start":{"line":204,"column":4},"end":{"line":204,"column":10}},"loc":{"start":{"line":204,"column":13},"end":{"line":216,"column":null}},"line":204},"16":{"name":"loadMixamoAnimation","decl":{"start":{"line":227,"column":16},"end":{"line":227,"column":35}},"loc":{"start":{"line":227,"column":53},"end":{"line":310,"column":null}},"line":227},"17":{"name":"(anonymous_17)","decl":{"start":{"line":230,"column":38},"end":{"line":230,"column":39}},"loc":{"start":{"line":230,"column":49},"end":{"line":308,"column":5}},"line":230},"18":{"name":"(anonymous_18)","decl":{"start":{"line":246,"column":28},"end":{"line":246,"column":29}},"loc":{"start":{"line":246,"column":39},"end":{"line":304,"column":9}},"line":246},"19":{"name":"(anonymous_19)","decl":{"start":{"line":279,"column":47},"end":{"line":279,"column":48}},"loc":{"start":{"line":279,"column":61},"end":{"line":283,"column":25}},"line":279},"20":{"name":"(anonymous_20)","decl":{"start":{"line":291,"column":45},"end":{"line":291,"column":46}},"loc":{"start":{"line":291,"column":56},"end":{"line":291,"column":110}},"line":291},"21":{"name":"(anonymous_21)","decl":{"start":{"line":297,"column":51},"end":{"line":297,"column":52}},"loc":{"start":{"line":297,"column":61},"end":{"line":297,"column":137}},"line":297}},"branchMap":{"0":{"loc":{"start":{"line":12,"column":23},"end":{"line":12,"column":38}},"type":"default-arg","locations":[{"start":{"line":12,"column":34},"end":{"line":12,"column":38}}],"line":12},"1":{"loc":{"start":{"line":12,"column":40},"end":{"line":12,"column":59}},"type":"default-arg","locations":[{"start":{"line":12,"column":55},"end":{"line":12,"column":59}}],"line":12},"2":{"loc":{"start":{"line":12,"column":61},"end":{"line":12,"column":72}},"type":"default-arg","locations":[{"start":{"line":12,"column":69},"end":{"line":12,"column":72}}],"line":12},"3":{"loc":{"start":{"line":12,"column":74},"end":{"line":12,"column":88}},"type":"default-arg","locations":[{"start":{"line":12,"column":83},"end":{"line":12,"column":88}}],"line":12},"4":{"loc":{"start":{"line":29,"column":12},"end":{"line":29,"column":27}},"type":"default-arg","locations":[{"start":{"line":29,"column":23},"end":{"line":29,"column":27}}],"line":29},"5":{"loc":{"start":{"line":29,"column":29},"end":{"line":29,"column":48}},"type":"default-arg","locations":[{"start":{"line":29,"column":44},"end":{"line":29,"column":48}}],"line":29},"6":{"loc":{"start":{"line":29,"column":50},"end":{"line":29,"column":62}},"type":"default-arg","locations":[{"start":{"line":29,"column":58},"end":{"line":29,"column":62}}],"line":29},"7":{"loc":{"start":{"line":32,"column":8},"end":{"line":32,"column":null}},"type":"if","locations":[{"start":{"line":32,"column":8},"end":{"line":32,"column":null}},{"start":{},"end":{}}],"line":32},"8":{"loc":{"start":{"line":33,"column":8},"end":{"line":33,"column":null}},"type":"if","locations":[{"start":{"line":33,"column":8},"end":{"line":33,"column":null}},{"start":{},"end":{}}],"line":33},"9":{"loc":{"start":{"line":34,"column":8},"end":{"line":34,"column":null}},"type":"if","locations":[{"start":{"line":34,"column":8},"end":{"line":34,"column":null}},{"start":{},"end":{}}],"line":34},"10":{"loc":{"start":{"line":77,"column":20},"end":{"line":79,"column":null}},"type":"if","locations":[{"start":{"line":77,"column":20},"end":{"line":79,"column":null}},{"start":{},"end":{}}],"line":77},"11":{"loc":{"start":{"line":77,"column":24},"end":{"line":77,"column":69}},"type":"binary-expr","locations":[{"start":{"line":77,"column":24},"end":{"line":77,"column":41}},{"start":{"line":77,"column":45},"end":{"line":77,"column":69}}],"line":77},"12":{"loc":{"start":{"line":95,"column":24},"end":{"line":97,"column":null}},"type":"if","locations":[{"start":{"line":95,"column":24},"end":{"line":97,"column":null}},{"start":{},"end":{}}],"line":95},"13":{"loc":{"start":{"line":116,"column":20},"end":{"line":118,"column":null}},"type":"if","locations":[{"start":{"line":116,"column":20},"end":{"line":118,"column":null}},{"start":{},"end":{}}],"line":116},"14":{"loc":{"start":{"line":125,"column":18},"end":{"line":125,"column":37}},"type":"default-arg","locations":[{"start":{"line":125,"column":33},"end":{"line":125,"column":37}}],"line":125},"15":{"loc":{"start":{"line":127,"column":8},"end":{"line":127,"column":null}},"type":"if","locations":[{"start":{"line":127,"column":8},"end":{"line":127,"column":null}},{"start":{},"end":{}}],"line":127},"16":{"loc":{"start":{"line":129,"column":8},"end":{"line":131,"column":null}},"type":"if","locations":[{"start":{"line":129,"column":8},"end":{"line":131,"column":null}},{"start":{},"end":{}}],"line":129},"17":{"loc":{"start":{"line":140,"column":8},"end":{"line":153,"column":null}},"type":"if","locations":[{"start":{"line":140,"column":8},"end":{"line":153,"column":null}},{"start":{"line":149,"column":15},"end":{"line":153,"column":null}}],"line":140},"18":{"loc":{"start":{"line":160,"column":8},"end":{"line":162,"column":null}},"type":"if","locations":[{"start":{"line":160,"column":8},"end":{"line":162,"column":null}},{"start":{},"end":{}}],"line":160},"19":{"loc":{"start":{"line":172,"column":32},"end":{"line":172,"column":44}},"type":"default-arg","locations":[{"start":{"line":172,"column":40},"end":{"line":172,"column":44}}],"line":172},"20":{"loc":{"start":{"line":190,"column":8},"end":{"line":192,"column":null}},"type":"if","locations":[{"start":{"line":190,"column":8},"end":{"line":192,"column":null}},{"start":{},"end":{}}],"line":190},"21":{"loc":{"start":{"line":205,"column":8},"end":{"line":207,"column":null}},"type":"if","locations":[{"start":{"line":205,"column":8},"end":{"line":207,"column":null}},{"start":{},"end":{}}],"line":205},"22":{"loc":{"start":{"line":210,"column":8},"end":{"line":212,"column":null}},"type":"if","locations":[{"start":{"line":210,"column":8},"end":{"line":212,"column":null}},{"start":{},"end":{}}],"line":210},"23":{"loc":{"start":{"line":213,"column":8},"end":{"line":215,"column":null}},"type":"if","locations":[{"start":{"line":213,"column":8},"end":{"line":215,"column":null}},{"start":{},"end":{}}],"line":213},"24":{"loc":{"start":{"line":255,"column":12},"end":{"line":302,"column":null}},"type":"if","locations":[{"start":{"line":255,"column":12},"end":{"line":302,"column":null}},{"start":{},"end":{}}],"line":255},"25":{"loc":{"start":{"line":263,"column":16},"end":{"line":300,"column":null}},"type":"if","locations":[{"start":{"line":263,"column":16},"end":{"line":300,"column":null}},{"start":{"line":295,"column":23},"end":{"line":300,"column":null}}],"line":263},"26":{"loc":{"start":{"line":291,"column":56},"end":{"line":291,"column":110}},"type":"cond-expr","locations":[{"start":{"line":291,"column":103},"end":{"line":291,"column":106}},{"start":{"line":291,"column":109},"end":{"line":291,"column":110}}],"line":291},"27":{"loc":{"start":{"line":291,"column":56},"end":{"line":291,"column":100}},"type":"binary-expr","locations":[{"start":{"line":291,"column":56},"end":{"line":291,"column":85}},{"start":{"line":291,"column":89},"end":{"line":291,"column":100}}],"line":291},"28":{"loc":{"start":{"line":295,"column":23},"end":{"line":300,"column":null}},"type":"if","locations":[{"start":{"line":295,"column":23},"end":{"line":300,"column":null}},{"start":{},"end":{}}],"line":295},"29":{"loc":{"start":{"line":297,"column":62},"end":{"line":297,"column":116}},"type":"cond-expr","locations":[{"start":{"line":297,"column":109},"end":{"line":297,"column":112}},{"start":{"line":297,"column":115},"end":{"line":297,"column":116}}],"line":297},"30":{"loc":{"start":{"line":297,"column":62},"end":{"line":297,"column":106}},"type":"binary-expr","locations":[{"start":{"line":297,"column":62},"end":{"line":297,"column":91}},{"start":{"line":297,"column":95},"end":{"line":297,"column":106}}],"line":297}},"s":{"0":0,"1":0,"2":0,"3":0,"4":0,"5":0,"6":0,"7":0,"8":0,"9":0,"10":0,"11":0,"12":0,"13":0,"14":0,"15":0,"16":0,"17":0,"18":0,"19":0,"20":0,"21":0,"22":0,"23":0,"24":0,"25":0,"26":0,"27":0,"28":0,"29":0,"30":0,"31":0,"32":0,"33":0,"34":0,"35":0,"36":0,"37":0,"38":0,"39":0,"40":0,"41":0,"42":0,"43":0,"44":0,"45":0,"46":0,"47":0,"48":0,"49":0,"50":0,"51":0,"52":0,"53":0,"54":0,"55":0,"56":0,"57":0,"58":0,"59":0,"60":0,"61":0,"62":0,"63":0,"64":0,"65":0,"66":0,"67":0,"68":0,"69":0,"70":0,"71":0,"72":0,"73":0,"74":0,"75":0,"76":0,"77":0,"78":0,"79":0,"80":0,"81":0,"82":0,"83":0,"84":0,"85":0,"86":0,"87":0,"88":0,"89":0,"90":0,"91":0,"92":0,"93":0,"94":0,"95":0,"96":0,"97":0,"98":0,"99":0,"100":0,"101":0,"102":0,"103":0,"104":0,"105":0,"106":0,"107":0,"108":0,"109":0,"110":0,"111":0,"112":0,"113":0,"114":0,"115":0,"116":0,"117":0,"118":0,"119":0,"120":0,"121":0,"122":0,"123":0,"124":0,"125":0,"126":0,"127":0,"128":0,"129":0,"130":0,"131":0,"132":0,"133":0,"134":0,"135":0,"136":0,"137":0,"138":0,"139":0,"140":0,"141":0,"142":0,"143":0,"144":0,"145":0,"146":0,"147":0,"148":0,"149":0,"150":0,"151":0,"152":0,"153":0},"f":{"0":0,"1":0,"2":0,"3":0,"4":0,"5":0,"6":0,"7":0,"8":0,"9":0,"10":0,"11":0,"12":0,"13":0,"14":0,"15":0,"16":0,"17":0,"18":0,"19":0,"20":0,"21":0},"b":{"0":[0],"1":[0],"2":[0],"3":[0],"4":[0],"5":[0],"6":[0],"7":[0,0],"8":[0,0],"9":[0,0],"10":[0,0],"11":[0,0],"12":[0,0],"13":[0,0],"14":[0],"15":[0,0],"16":[0,0],"17":[0,0],"18":[0,0],"19":[0],"20":[0,0],"21":[0,0],"22":[0,0],"23":[0,0],"24":[0,0],"25":[0,0],"26":[0,0],"27":[0,0],"28":[0,0],"29":[0,0],"30":[0,0]},"meta":{"lastBranch":31,"lastFunction":22,"lastStatement":154,"seen":{"f:12:4:12:15":0,"b:12:34:12:38":0,"b:12:55:12:59":1,"b:12:69:12:72":2,"b:12:83:12:88":3,"s:13:8:13:Infinity":0,"s:14:8:14:Infinity":1,"s:15:8:15:Infinity":2,"s:16:8:16:Infinity":3,"s:17:8:17:Infinity":4,"s:18:8:18:Infinity":5,"s:19:8:19:Infinity":6,"s:20:8:20:Infinity":7,"s:21:8:21:Infinity":8,"s:22:8:22:Infinity":9,"s:23:8:23:Infinity":10,"s:24:8:24:Infinity":11,"s:25:8:25:Infinity":12,"s:26:8:26:Infinity":13,"f:29:4:29:11":1,"b:29:23:29:27":4,"b:29:44:29:48":5,"b:29:58:29:62":6,"s:30:8:30:Infinity":14,"b:32:8:32:Infinity:undefined:undefined:undefined:undefined":7,"s:32:8:32:Infinity":15,"s:32:22:32:Infinity":16,"b:33:8:33:Infinity:undefined:undefined:undefined:undefined":8,"s:33:8:33:Infinity":17,"s:33:26:33:Infinity":18,"b:34:8:34:Infinity:undefined:undefined:undefined:undefined":9,"s:34:8:34:Infinity":19,"s:34:19:34:Infinity":20,"s:36:23:36:39":21,"s:37:8:37:Infinity":22,"s:39:27:39:44":23,"s:40:8:40:Infinity":24,"s:41:8:41:Infinity":25,"s:43:8:46:Infinity":26,"f:43:24:43:25":2,"s:44:12:45:Infinity":27,"s:48:8:122:Infinity":28,"f:48:42:48:43":3,"s:49:12:121:Infinity":29,"f:52:16:52:21":4,"s:53:32:53:49":30,"s:56:5:56:Infinity":31,"s:57:5:57:Infinity":32,"s:59:20:59:Infinity":33,"s:61:20:63:Infinity":34,"f:61:39:61:40":5,"s:62:24:62:Infinity":35,"s:69:35:69:54":36,"s:70:32:70:73":37,"s:71:20:71:Infinity":38,"s:75:20:75:Infinity":39,"b:77:20:79:Infinity:undefined:undefined:undefined:undefined":10,"s:77:20:79:Infinity":40,"b:77:24:77:41:77:45:77:69":11,"s:78:24:78:Infinity":41,"s:82:20:82:Infinity":42,"s:84:20:84:Infinity":43,"s:87:20:90:Infinity":44,"s:88:24:88:Infinity":45,"s:89:24:89:Infinity":46,"s:92:20:98:Infinity":47,"s:93:38:93:52":48,"s:94:24:94:Infinity":49,"b:95:24:97:Infinity:undefined:undefined:undefined:undefined":12,"s:95:24:97:Infinity":50,"s:96:28:96:Infinity":51,"s:101:20:101:Infinity":52,"s:102:20:102:Infinity":53,"s:103:20:103:Infinity":54,"s:104:20:104:Infinity":55,"s:105:20:105:Infinity":56,"s:106:20:106:Infinity":57,"s:107:20:107:Infinity":58,"s:109:20:109:Infinity":59,"s:110:20:110:Infinity":60,"f:112:16:112:17":6,"s:113:41:114:84":61,"s:115:40:115:78":62,"b:116:20:118:Infinity:undefined:undefined:undefined:undefined":13,"s:116:20:118:Infinity":63,"s:117:24:117:Infinity":64,"f:120:16:120:17":7,"s:120:27:120:40":65,"f:125:10:125:17":8,"b:125:33:125:37":14,"s:126:8:126:Infinity":66,"b:127:8:127:Infinity:undefined:undefined:undefined:undefined":15,"s:127:8:127:Infinity":67,"s:127:26:127:Infinity":68,"b:129:8:131:Infinity:undefined:undefined:undefined:undefined":16,"s:129:8:131:Infinity":69,"s:130:12:130:Infinity":70,"s:133:21:133:94":71,"s:135:8:135:Infinity":72,"s:137:8:137:Infinity":73,"s:138:8:138:41":74,"b:140:8:153:Infinity:149:15:153:Infinity":17,"s:140:8:153:Infinity":75,"s:141:12:141:Infinity":76,"s:143:12:148:Infinity":77,"s:150:12:150:Infinity":78,"s:151:12:151:40":79,"s:152:12:152:38":80,"s:154:8:154:Infinity":81,"f:157:10:157:15":9,"s:158:8:158:Infinity":82,"s:159:8:159:Infinity":83,"b:160:8:162:Infinity:undefined:undefined:undefined:undefined":18,"s:160:8:162:Infinity":84,"s:161:12:161:Infinity":85,"f:165:10:165:15":10,"s:166:8:166:Infinity":86,"s:167:8:167:Infinity":87,"s:168:8:168:Infinity":88,"s:169:8:169:Infinity":89,"f:172:10:172:19":11,"b:172:40:172:44":19,"s:173:18:173:56":90,"s:174:18:174:56":91,"s:175:19:175:58":92,"s:176:8:176:Infinity":93,"s:178:8:178:Infinity":94,"s:179:8:179:Infinity":95,"s:180:8:180:Infinity":96,"s:183:19:183:58":97,"s:184:18:184:61":98,"f:184:18:184:19":12,"s:184:23:184:61":99,"s:185:8:185:Infinity":100,"s:186:8:186:Infinity":101,"s:187:8:187:Infinity":102,"s:188:8:188:Infinity":103,"s:189:8:189:Infinity":104,"b:190:8:192:Infinity:undefined:undefined:undefined:undefined":20,"s:190:8:192:Infinity":105,"s:191:12:191:Infinity":106,"f:195:10:195:19":13,"s:196:8:196:Infinity":107,"f:200:4:200:13":14,"s:201:8:201:Infinity":108,"f:204:4:204:10":15,"b:205:8:207:Infinity:undefined:undefined:undefined:undefined":21,"s:205:8:207:Infinity":109,"s:206:12:206:Infinity":110,"s:209:26:209:47":111,"b:210:8:212:Infinity:undefined:undefined:undefined:undefined":22,"s:210:8:212:Infinity":112,"s:211:12:211:Infinity":113,"b:213:8:215:Infinity:undefined:undefined:undefined:undefined":23,"s:213:8:215:Infinity":114,"s:214:12:214:Infinity":115,"f:227:16:227:35":16,"s:229:19:229:34":116,"s:230:4:308:Infinity":117,"f:230:38:230:39":17,"s:232:21:232:83":118,"s:234:23:234:25":119,"s:236:36:236:58":120,"s:237:40:237:62":121,"s:238:23:238:45":122,"s:239:22:239:41":123,"s:242:33:242:82":124,"s:243:30:243:61":125,"s:244:34:244:66":126,"s:246:8:304:Infinity":127,"f:246:28:246:29":18,"s:249:34:249:55":128,"s:250:34:250:50":129,"s:251:32:251:62":130,"s:252:32:252:86":131,"s:253:34:253:70":132,"b:255:12:302:Infinity:undefined:undefined:undefined:undefined":24,"s:255:12:302:Infinity":133,"s:257:37:257:53":134,"s:260:16:260:Infinity":135,"s:261:16:261:Infinity":136,"b:263:16:300:Infinity:295:23:300:Infinity":25,"s:263:16:300:Infinity":137,"s:266:20:285:Infinity":138,"s:266:33:266:34":139,"s:268:47:268:75":140,"s:270:24:270:Infinity":141,"s:273:24:275:Infinity":142,"s:277:24:277:Infinity":143,"s:279:24:283:Infinity":144,"f:279:47:279:48":19,"s:281:28:281:Infinity":145,"s:287:20:293:Infinity":146,"f:291:45:291:46":20,"s:291:56:291:110":147,"b:291:103:291:106:291:109:291:110":26,"b:291:56:291:85:291:89:291:100":27,"b:295:23:300:Infinity:undefined:undefined:undefined:undefined":28,"s:295:23:300:Infinity":148,"s:297:34:297:138":149,"f:297:51:297:52":21,"s:297:61:297:137":150,"b:297:109:297:112:297:115:297:116":29,"b:297:62:297:91:297:95:297:106":30,"s:298:20:298:Infinity":151,"s:306:8:306:Infinity":152,"s:316:24:369:1":153}}}
}
